D 01:39:50.2118376 CachedAsset.UnloadAssetObject() - unloading name=UI_BnetToast family=Sound persistent=True
D 01:39:50.2128378 CachedAsset.UnloadAssetObject() - unloading name=receive_message family=Sound persistent=True
D 01:39:50.2128378 CachedAsset.UnloadAssetObject() - unloading name=store_button_mouse_over family=Sound persistent=True
D 01:39:50.2128378 CachedAsset.UnloadAssetObject() - unloading name=quest_log_button_mouse_over family=Sound persistent=True
D 01:40:05.8538317 CachedAsset.UnloadAssetObject() - unloading name=Card_Back_Default family=CardBack persistent=False
D 01:40:05.8538317 CachedAsset.UnloadAssetObject() - unloading name=Belwe_Outline family=FontDef persistent=False
D 01:40:05.8538317 CachedAsset.UnloadAssetObject() - unloading name=FranklinGothic family=FontDef persistent=False
D 01:40:05.8538317 CachedAsset.UnloadAssetObject() - unloading name=Belwe family=FontDef persistent=False
D 01:40:05.8538317 CachedAsset.UnloadAssetObject() - unloading name=BlizzardGlobal family=FontDef persistent=False
D 01:40:05.8538317 CachedAsset.UnloadAssetObject() - unloading name=SplashScreen family=GameObject persistent=False
D 01:40:05.8538317 CachedAsset.UnloadAssetObject() - unloading name=LogoImage family=GameObject persistent=False
D 01:40:05.8538317 CachedAsset.UnloadAssetObject() - unloading name=InnKeepersSpecial family=GameObject persistent=False
D 01:40:05.8538317 CachedAsset.UnloadAssetObject() - unloading name=SoundConfig family=GameObject persistent=False
D 01:40:05.8538317 CachedAsset.UnloadAssetObject() - unloading name=MusicConfig family=GameObject persistent=False
D 01:40:05.8538317 CachedAsset.UnloadAssetObject() - unloading name=AdventureConfig family=GameObject persistent=False
D 01:40:05.8538317 CachedAsset.UnloadAssetObject() - unloading name=CardColorSwitcher family=GameObject persistent=False
D 01:40:05.8538317 CachedAsset.UnloadAssetObject() - unloading name=SpecialEventVisualMgr family=GameObject persistent=False
D 01:40:05.8538317 CachedAsset.UnloadAssetObject() - unloading name=TextInputGUISkin family=GameObject persistent=False
D 01:40:05.8538317 CachedAsset.UnloadAssetObject() - unloading name=StoreMain family=GameObject persistent=False
D 01:40:05.8538317 CachedAsset.UnloadAssetObject() - unloading name=StorePackDef_Expert family=GameObject persistent=False
D 01:40:05.8538317 CachedAsset.UnloadAssetObject() - unloading name=StorePackDef_GvG family=GameObject persistent=False
D 01:40:05.8538317 CachedAsset.UnloadAssetObject() - unloading name=StorePackDef_TGT family=GameObject persistent=False
D 01:40:05.8538317 CachedAsset.UnloadAssetObject() - unloading name=PackSelectorButton_Expert family=GameObject persistent=False
D 01:40:05.8538317 CachedAsset.UnloadAssetObject() - unloading name=PackSelectorButton_GvG family=GameObject persistent=False
D 01:40:05.8538317 CachedAsset.UnloadAssetObject() - unloading name=PackSelectorButton_TGT family=GameObject persistent=False
D 01:40:05.8538317 CachedAsset.UnloadAssetObject() - unloading name=WelcomeQuests family=GameObject persistent=False
D 01:40:05.8538317 CachedAsset.UnloadAssetObject() - unloading name=BaseUI family=Screen persistent=False
D 01:40:05.8538317 CachedAsset.UnloadAssetObject() - unloading name=OverlayUI family=Screen persistent=False
D 01:40:05.8538317 CachedAsset.UnloadAssetObject() - unloading name=TheBox family=Screen persistent=False
D 01:40:05.9891508 CachedAsset.UnloadAssetObject() - unloading name=gold_spend_plate_flip_on family=Sound persistent=True
D 01:40:05.9891508 CachedAsset.UnloadAssetObject() - unloading name=gold_spend_plate_flip_off family=Sound persistent=True
D 01:40:05.9891508 CachedAsset.UnloadAssetObject() - unloading name=VO_INNKEEPER_INTRO_01 family=Sound persistent=True
D 01:40:05.9891508 CachedAsset.UnloadAssetObject() - unloading name=existing_quest_pop_up family=Sound persistent=True
D 01:40:05.9891508 CachedAsset.UnloadAssetObject() - unloading name=new_quest_pop_up family=Sound persistent=True
D 01:40:05.9891508 CachedAsset.UnloadAssetObject() - unloading name=new_quest_click_and_shrink family=Sound persistent=True
D 01:40:06.9325965 AssetLoader.LoadObject() - name was null or empty
D 01:40:06.9365966 AssetLoader.LoadObject() - name was null or empty
D 01:40:15.8155987 CachedAsset.UnloadAssetObject() - unloading name=Main_Title family=Sound persistent=True
D 01:40:15.8155987 CachedAsset.UnloadAssetObject() - unloading name=tavern_wallah loop_medium family=Sound persistent=True
D 01:40:26.9414084 CachedAsset.UnloadAssetObject() - unloading name=EX1_169 family=CardPrefab persistent=False
D 01:40:26.9424081 CachedAsset.UnloadAssetObject() - unloading name=CS2_005 family=CardPrefab persistent=False
D 01:40:26.9444082 CachedAsset.UnloadAssetObject() - unloading name=CS2_009 family=CardPrefab persistent=False
D 01:40:26.9454084 CachedAsset.UnloadAssetObject() - unloading name=EX1_160 family=CardPrefab persistent=False
D 01:40:26.9474085 CachedAsset.UnloadAssetObject() - unloading name=CS2_013 family=CardPrefab persistent=False
D 01:40:26.9484083 CachedAsset.UnloadAssetObject() - unloading name=EX1_154 family=CardPrefab persistent=False
D 01:40:26.9494100 CachedAsset.UnloadAssetObject() - unloading name=AT_038 family=CardPrefab persistent=False
D 01:40:29.6659263 CachedAsset.UnloadAssetObject() - unloading name=AT_042 family=CardPrefab persistent=False
D 01:40:29.6669261 CachedAsset.UnloadAssetObject() - unloading name=GVG_082 family=CardPrefab persistent=False
D 01:40:29.6689262 CachedAsset.UnloadAssetObject() - unloading name=EX1_508 family=CardPrefab persistent=False
D 01:40:29.6699245 CachedAsset.UnloadAssetObject() - unloading name=AT_082 family=CardPrefab persistent=False
D 01:40:29.6719270 CachedAsset.UnloadAssetObject() - unloading name=CS2_168 family=CardPrefab persistent=False
D 01:40:29.6729248 CachedAsset.UnloadAssetObject() - unloading name=CS2_146 family=CardPrefab persistent=False
D 01:40:29.6739265 CachedAsset.UnloadAssetObject() - unloading name=CS2_108 family=CardPrefab persistent=False
D 01:40:31.1529960 CachedAsset.UnloadAssetObject() - unloading name=CS2_106 family=CardPrefab persistent=False
D 01:40:31.1539958 CachedAsset.UnloadAssetObject() - unloading name=CS2_103 family=CardPrefab persistent=False
D 01:40:31.1559939 CachedAsset.UnloadAssetObject() - unloading name=EX1_011 family=CardPrefab persistent=False
D 01:40:31.1709944 CachedAsset.UnloadAssetObject() - unloading name=EX1_066 family=CardPrefab persistent=False
D 01:40:31.1719967 CachedAsset.UnloadAssetObject() - unloading name=AT_109 family=CardPrefab persistent=False
D 01:40:31.1729964 CachedAsset.UnloadAssetObject() - unloading name=AT_089 family=CardPrefab persistent=False
D 01:40:31.1749970 CachedAsset.UnloadAssetObject() - unloading name=EX1_162 family=CardPrefab persistent=False
D 01:40:31.8463432 CachedAsset.UnloadAssetObject() - unloading name=CS2_121 family=CardPrefab persistent=False
D 01:40:31.8473435 CachedAsset.UnloadAssetObject() - unloading name=CS2_142 family=CardPrefab persistent=False
D 01:40:31.8493435 CachedAsset.UnloadAssetObject() - unloading name=EX1_506 family=CardPrefab persistent=False
D 01:40:31.8503443 CachedAsset.UnloadAssetObject() - unloading name=EX1_015 family=CardPrefab persistent=False
D 01:40:35.5826022 CachedAsset.UnloadAssetObject() - unloading name=EX1_008 family=CardPrefab persistent=False
D 01:40:35.5826022 CachedAsset.UnloadAssetObject() - unloading name=CS2_189 family=CardPrefab persistent=False
D 01:40:35.5826022 CachedAsset.UnloadAssetObject() - unloading name=CS1_042 family=CardPrefab persistent=False
D 01:40:35.5826022 CachedAsset.UnloadAssetObject() - unloading name=EX1_400 family=CardPrefab persistent=False
D 01:40:35.5826022 CachedAsset.UnloadAssetObject() - unloading name=CS2_114 family=CardPrefab persistent=False
D 01:40:35.5826022 CachedAsset.UnloadAssetObject() - unloading name=CS2_105 family=CardPrefab persistent=False
D 01:40:35.5826022 CachedAsset.UnloadAssetObject() - unloading name=CS2_104 family=CardPrefab persistent=False
D 01:40:35.5826022 CachedAsset.UnloadAssetObject() - unloading name=CS2_171 family=CardPrefab persistent=False
D 01:40:35.5826022 CachedAsset.UnloadAssetObject() - unloading name=CS2_172 family=CardPrefab persistent=False
D 01:40:35.5826022 CachedAsset.UnloadAssetObject() - unloading name=CS2_173 family=CardPrefab persistent=False
D 01:40:35.5826022 CachedAsset.UnloadAssetObject() - unloading name=EX1_556 family=CardPrefab persistent=False
D 01:40:35.5826022 CachedAsset.UnloadAssetObject() - unloading name=CS2_120 family=CardPrefab persistent=False
D 01:40:35.5826022 CachedAsset.UnloadAssetObject() - unloading name=GVG_067 family=CardPrefab persistent=False
D 01:40:35.5826022 CachedAsset.UnloadAssetObject() - unloading name=EX1_582 family=CardPrefab persistent=False
D 01:40:35.5826022 CachedAsset.UnloadAssetObject() - unloading name=CS2_141 family=CardPrefab persistent=False
D 01:40:35.5826022 CachedAsset.UnloadAssetObject() - unloading name=GVG_089 family=CardPrefab persistent=False
D 01:40:35.5826022 CachedAsset.UnloadAssetObject() - unloading name=CS2_125 family=CardPrefab persistent=False
D 01:40:35.5826022 CachedAsset.UnloadAssetObject() - unloading name=CS2_118 family=CardPrefab persistent=False
D 01:40:35.5826022 CachedAsset.UnloadAssetObject() - unloading name=EX1_085 family=CardPrefab persistent=False
D 01:40:35.5826022 CachedAsset.UnloadAssetObject() - unloading name=EX1_412 family=CardPrefab persistent=False
D 01:40:35.5826022 CachedAsset.UnloadAssetObject() - unloading name=CS2_122 family=CardPrefab persistent=False
D 01:40:35.5826022 CachedAsset.UnloadAssetObject() - unloading name=CS2_196 family=CardPrefab persistent=False
D 01:40:35.5826022 CachedAsset.UnloadAssetObject() - unloading name=CS2_127 family=CardPrefab persistent=False
D 01:40:35.5826022 CachedAsset.UnloadAssetObject() - unloading name=EX1_019 family=CardPrefab persistent=False
D 01:40:35.5826022 CachedAsset.UnloadAssetObject() - unloading name=EX1_021 family=CardPrefab persistent=False
D 01:40:35.5826022 CachedAsset.UnloadAssetObject() - unloading name=GVG_102 family=CardPrefab persistent=False
D 01:40:35.5826022 CachedAsset.UnloadAssetObject() - unloading name=EX1_083 family=CardPrefab persistent=False
D 01:40:35.5826022 CachedAsset.UnloadAssetObject() - unloading name=CS2_124 family=CardPrefab persistent=False
D 01:40:35.5826022 CachedAsset.UnloadAssetObject() - unloading name=CS2_182 family=CardPrefab persistent=False
D 01:40:35.5826022 CachedAsset.UnloadAssetObject() - unloading name=EX1_025 family=CardPrefab persistent=False
D 01:40:35.5826022 CachedAsset.UnloadAssetObject() - unloading name=CS2_179 family=CardPrefab persistent=False
D 01:40:35.5826022 CachedAsset.UnloadAssetObject() - unloading name=CS2_147 family=CardPrefab persistent=False
D 01:40:35.5826022 CachedAsset.UnloadAssetObject() - unloading name=AT_085 family=CardPrefab persistent=False
D 01:40:35.5826022 CachedAsset.UnloadAssetObject() - unloading name=GVG_078 family=CardPrefab persistent=False
D 01:40:35.5826022 CachedAsset.UnloadAssetObject() - unloading name=CS2_119 family=CardPrefab persistent=False
D 01:40:35.5826022 CachedAsset.UnloadAssetObject() - unloading name=CS2_197 family=CardPrefab persistent=False
D 01:40:35.5826022 CachedAsset.UnloadAssetObject() - unloading name=CS2_131 family=CardPrefab persistent=False
D 01:40:35.5826022 CachedAsset.UnloadAssetObject() - unloading name=CS2_187 family=CardPrefab persistent=False
D 01:40:35.5826022 CachedAsset.UnloadAssetObject() - unloading name=EX1_606 family=CardPrefab persistent=False
D 01:40:35.5826022 CachedAsset.UnloadAssetObject() - unloading name=AT_066 family=CardPrefab persistent=False
D 01:40:35.5826022 CachedAsset.UnloadAssetObject() - unloading name=EX1_084 family=CardPrefab persistent=False
D 01:40:35.5826022 CachedAsset.UnloadAssetObject() - unloading name=EX1_398 family=CardPrefab persistent=False
D 01:40:35.5826022 CachedAsset.UnloadAssetObject() - unloading name=NEW1_011 family=CardPrefab persistent=False
D 01:40:35.5826022 CachedAsset.UnloadAssetObject() - unloading name=CS2_112 family=CardPrefab persistent=False
D 01:40:35.5826022 CachedAsset.UnloadAssetObject() - unloading name=CS2_150 family=CardPrefab persistent=False
D 01:40:35.5826022 CachedAsset.UnloadAssetObject() - unloading name=DS1_055 family=CardPrefab persistent=False
D 01:40:35.5826022 CachedAsset.UnloadAssetObject() - unloading name=CS2_226 family=CardPrefab persistent=False
D 01:40:35.5826022 CachedAsset.UnloadAssetObject() - unloading name=EX1_399 family=CardPrefab persistent=False
D 01:40:35.5826022 CachedAsset.UnloadAssetObject() - unloading name=EX1_593 family=CardPrefab persistent=False
D 01:40:35.5826022 CachedAsset.UnloadAssetObject() - unloading name=EX1_028 family=CardPrefab persistent=False
D 01:40:35.5826022 CachedAsset.UnloadAssetObject() - unloading name=CS2_155 family=CardPrefab persistent=False
D 01:40:35.5826022 CachedAsset.UnloadAssetObject() - unloading name=CS2_200 family=CardPrefab persistent=False
D 01:40:35.5826022 CachedAsset.UnloadAssetObject() - unloading name=EX1_095 family=CardPrefab persistent=False
D 01:40:35.5826022 CachedAsset.UnloadAssetObject() - unloading name=CS2_162 family=CardPrefab persistent=False
D 01:40:35.5826022 CachedAsset.UnloadAssetObject() - unloading name=EX1_583 family=CardPrefab persistent=False
D 01:40:35.5826022 CachedAsset.UnloadAssetObject() - unloading name=CS2_213 family=CardPrefab persistent=False
D 01:40:35.5826022 CachedAsset.UnloadAssetObject() - unloading name=CS2_201 family=CardPrefab persistent=False
D 01:40:35.5836020 CachedAsset.UnloadAssetObject() - unloading name=CS2_222 family=CardPrefab persistent=False
D 01:40:35.5836020 CachedAsset.UnloadAssetObject() - unloading name=CS2_186 family=CardPrefab persistent=False
D 01:40:35.5836020 CachedAsset.UnloadAssetObject() - unloading name=GVG_079 family=CardPrefab persistent=False
D 01:40:35.5846023 CachedAsset.UnloadAssetObject() - unloading name=DeathKnight family=Texture persistent=False
D 01:40:35.5846023 CachedAsset.UnloadAssetObject() - unloading name=Druid family=Texture persistent=False
D 01:40:35.5846023 CachedAsset.UnloadAssetObject() - unloading name=Hunter family=Texture persistent=False
D 01:40:35.5846023 CachedAsset.UnloadAssetObject() - unloading name=Mage family=Texture persistent=False
D 01:40:35.5846023 CachedAsset.UnloadAssetObject() - unloading name=Paladin family=Texture persistent=False
D 01:40:35.5846023 CachedAsset.UnloadAssetObject() - unloading name=Priest family=Texture persistent=False
D 01:40:35.5846023 CachedAsset.UnloadAssetObject() - unloading name=Rogue family=Texture persistent=False
D 01:40:35.5846023 CachedAsset.UnloadAssetObject() - unloading name=Shaman family=Texture persistent=False
D 01:40:35.5846023 CachedAsset.UnloadAssetObject() - unloading name=Warlock family=Texture persistent=False
D 01:40:35.5846023 CachedAsset.UnloadAssetObject() - unloading name=Warrior family=Texture persistent=False
D 01:40:35.5856030 CachedAsset.UnloadAssetObject() - unloading name=Card_Hand_Ally_SpellTable family=Actor persistent=False
D 01:40:35.5856030 CachedAsset.UnloadAssetObject() - unloading name=Card_Hand_Ability_SpellTable family=Actor persistent=False
D 01:40:35.5856030 CachedAsset.UnloadAssetObject() - unloading name=Card_Hand_Weapon_SpellTable family=Actor persistent=False
D 01:40:35.5856030 CachedAsset.UnloadAssetObject() - unloading name=DeckCardBar family=Actor persistent=False
D 01:40:35.5856030 CachedAsset.UnloadAssetObject() - unloading name=Card_Hidden family=Actor persistent=False
D 01:40:35.5856030 CachedAsset.UnloadAssetObject() - unloading name=Card_Hidden_SpellTable family=Actor persistent=False
D 01:40:35.5856030 CachedAsset.UnloadAssetObject() - unloading name=Card_Hero_Skin family=Actor persistent=False
D 01:40:35.5856030 CachedAsset.UnloadAssetObject() - unloading name=DeckInfo family=Actor persistent=False
D 01:40:35.5856030 CachedAsset.UnloadAssetObject() - unloading name=Card_Play_HeroPower family=Actor persistent=False
D 01:40:35.5856030 CachedAsset.UnloadAssetObject() - unloading name=Card_Play_HeroPower_Premium family=Actor persistent=False
D 01:40:35.5866043 CachedAsset.UnloadAssetObject() - unloading name=Card_Hand_Weapon family=Actor persistent=False
D 01:40:35.5866043 CachedAsset.UnloadAssetObject() - unloading name=Card_Hand_Weapon_Premium family=Actor persistent=False
D 01:40:35.5866043 CachedAsset.UnloadAssetObject() - unloading name=Card_Hand_Ally family=Actor persistent=False
D 01:40:35.5866043 CachedAsset.UnloadAssetObject() - unloading name=Card_Hand_Ally_Premium family=Actor persistent=False
D 01:40:35.5866043 CachedAsset.UnloadAssetObject() - unloading name=Card_Hand_Ability family=Actor persistent=False
D 01:40:35.5866043 CachedAsset.UnloadAssetObject() - unloading name=Card_Hand_Ability_Premium family=Actor persistent=False
D 01:40:35.5866043 CachedAsset.UnloadAssetObject() - unloading name=Card_Play_HeroPower_SpellTable family=Actor persistent=False
D 01:40:35.5866043 CachedAsset.UnloadAssetObject() - unloading name=HERO_01 family=CardPrefab persistent=False
D 01:40:35.5866043 CachedAsset.UnloadAssetObject() - unloading name=HERO_02 family=CardPrefab persistent=False
D 01:40:35.5866043 CachedAsset.UnloadAssetObject() - unloading name=CS2_102 family=CardPrefab persistent=False
D 01:40:35.5866043 CachedAsset.UnloadAssetObject() - unloading name=Assets/Game/Cards/00 Basic/HERO_01/HERO_01_Premium.mat family=CardPremium persistent=False
D 01:40:35.5866043 CachedAsset.UnloadAssetObject() - unloading name=Assets/Game/Cards/00 Basic/HERO_02/HERO_02_Premium.mat family=CardPremium persistent=False
D 01:40:35.5866043 CachedAsset.UnloadAssetObject() - unloading name=Assets/Game/Cards/00 Basic/CS2_102/CS2_102_PremiumCard.mat family=CardPremium persistent=False
D 01:40:35.5866043 CachedAsset.UnloadAssetObject() - unloading name=Assets/Game/Cards/00 Basic/CS2_105/CS2_105_PremiumCard.mat family=CardPremium persistent=False
D 01:40:35.5866043 CachedAsset.UnloadAssetObject() - unloading name=Assets/Game/Cards/01 Expert/EX1_398/EX1_398_PremiumCard.mat family=CardPremium persistent=False
D 01:40:35.5866043 CachedAsset.UnloadAssetObject() - unloading name=Assets/Game/Cards/00 Basic/HERO_01/Garrosh_D.psd family=CardTexture persistent=False
D 01:40:35.5866043 CachedAsset.UnloadAssetObject() - unloading name=Assets/Game/Cards/00 Basic/HERO_02/BlizzCon_2011_Thrall_Final_D.psd family=CardTexture persistent=False
D 01:40:35.5866043 CachedAsset.UnloadAssetObject() - unloading name=Assets/Game/Cards/00 Basic/EX1_169/WOW_TAL_002_D.psd family=CardTexture persistent=False
D 01:40:35.5866043 CachedAsset.UnloadAssetObject() - unloading name=Assets/Game/Cards/00 Basic/CS2_005/W2_259_D.psd family=CardTexture persistent=False
D 01:40:35.5866043 CachedAsset.UnloadAssetObject() - unloading name=Assets/Game/Cards/00 Basic/CS2_009/WOW_ACT_073_BlizzRT_D.psd family=CardTexture persistent=False
D 01:40:35.5866043 CachedAsset.UnloadAssetObject() - unloading name=Assets/Game/Cards/01 Expert/EX1_160/W17_a030_D.psd family=CardTexture persistent=False
D 01:40:35.5866043 CachedAsset.UnloadAssetObject() - unloading name=Assets/Game/Cards/00 Basic/CS2_013/W9_A169_D.psd family=CardTexture persistent=False
D 01:40:35.5866043 CachedAsset.UnloadAssetObject() - unloading name=Assets/Game/Cards/01 Expert/EX1_154/W17_a102_D.psd family=CardTexture persistent=False
D 01:40:35.5866043 CachedAsset.UnloadAssetObject() - unloading name=Assets/Game/Cards/09 AT/AT_038/HS5-005_D.psd family=CardTexture persistent=False
D 01:40:35.5866043 CachedAsset.UnloadAssetObject() - unloading name=Assets/Game/Cards/09 AT/AT_042/W20_a104_D.psd family=CardTexture persistent=False
D 01:40:35.5866043 CachedAsset.UnloadAssetObject() - unloading name=Assets/Game/Cards/00 Basic/CS2_102/w14_a208_D.psd family=CardTexture persistent=False
D 01:40:35.5866043 CachedAsset.UnloadAssetObject() - unloading name=Assets/Game/Cards/00 Basic/EX1_400/W6_076_D.psd family=CardTexture persistent=False
D 01:40:35.5866043 CachedAsset.UnloadAssetObject() - unloading name=Assets/Game/Cards/01 Expert/EX1_008/W11_059_D.psd family=CardTexture persistent=False
D 01:40:35.5866043 CachedAsset.UnloadAssetObject() - unloading name=Assets/Game/Cards/00 Basic/CS2_189/W10_A109_D.psd family=CardTexture persistent=False
D 01:40:35.5866043 CachedAsset.UnloadAssetObject() - unloading name=Assets/Game/Cards/00 Basic/CS1_042/W2_279_D.psd family=CardTexture persistent=False
D 01:40:35.5866043 CachedAsset.UnloadAssetObject() - unloading name=Assets/Game/Cards/00 Basic/CS2_171/W9_a043_D.psd family=CardTexture persistent=False
D 01:40:35.5866043 CachedAsset.UnloadAssetObject() - unloading name=Assets/Game/Cards/00 Basic/CS2_114/wow_par_083_D.psd family=CardTexture persistent=False
D 01:40:35.5866043 CachedAsset.UnloadAssetObject() - unloading name=Assets/Game/Cards/00 Basic/CS2_105/W11_045_D.psd family=CardTexture persistent=False
D 01:40:35.5866043 CachedAsset.UnloadAssetObject() - unloading name=Assets/Game/Cards/01 Expert/CS2_104/W6_075_D.psd family=CardTexture persistent=False
D 01:40:35.5866043 CachedAsset.UnloadAssetObject() - unloading name=Assets/Game/Cards/00 Basic/CS2_172/WOW_SPE_004_D.psd family=CardTexture persistent=False
D 01:40:35.5866043 CachedAsset.UnloadAssetObject() - unloading name=Assets/Game/Cards/00 Basic/CS2_173/W16_a206_D.psd family=CardTexture persistent=False
D 01:40:35.5866043 CachedAsset.UnloadAssetObject() - unloading name=Assets/Game/Cards/00 Basic/EX1_606/WOW_MISC_021_D.psd family=CardTexture persistent=False
D 01:40:35.5866043 CachedAsset.UnloadAssetObject() - unloading name=Assets/Game/Cards/01 Expert/EX1_556/R7_a017_D.psd family=CardTexture persistent=False
D 01:40:35.5866043 CachedAsset.UnloadAssetObject() - unloading name=Assets/Game/Cards/00 Basic/CS2_141/climbing_D.psd family=CardTexture persistent=False
D 01:40:35.5866043 CachedAsset.UnloadAssetObject() - unloading name=Assets/Game/Cards/09 AT/AT_066/HS5-012_D.psd family=CardTexture persistent=False
D 01:40:35.5866043 CachedAsset.UnloadAssetObject() - unloading name=Assets/Game/Cards/00 Basic/CS2_127/W5_041_D.psd family=CardTexture persistent=False
D 01:40:35.5866043 CachedAsset.UnloadAssetObject() - unloading name=Assets/Game/Cards/01 Expert/EX1_398/W3_087_D.psd family=CardTexture persistent=False
D 01:40:35.5866043 CachedAsset.UnloadAssetObject() - unloading name=Assets/Game/Cards/00 Basic/NEW1_011/W4_009_D.psd family=CardTexture persistent=False
D 01:40:35.5866043 CachedAsset.UnloadAssetObject() - unloading name=Assets/Game/Cards/00 Basic/CS2_179/W3_018_D.psd family=CardTexture persistent=False
D 01:40:35.5866043 CachedAsset.UnloadAssetObject() - unloading name=Assets/Game/Cards/00 Basic/CS2_112/WOW_EQU_001_D.psd family=CardTexture persistent=False
D 01:40:35.5866043 CachedAsset.UnloadAssetObject() - unloading name=Assets/Game/Cards/00 Basic/CS2_150/W2_089_D.psd family=CardTexture persistent=False
D 01:40:35.5866043 CachedAsset.UnloadAssetObject() - unloading name=Assets/Game/Cards/00 Basic/CS2_162/W14_a158_D.psd family=CardTexture persistent=False
D 01:40:35.5866043 CachedAsset.UnloadAssetObject() - unloading name=Assets/Game/Cards/00 Basic/CS2_213/Goblinrocket2_D.psd family=CardTexture persistent=False
D 01:40:35.5866043 CachedAsset.UnloadAssetObject() - unloading name=Assets/Game/Cards/00 Basic/CS2_222/W13_007_D.psd family=CardTexture persistent=False
D 01:40:35.5866043 CachedAsset.UnloadAssetObject() - unloading name=Assets/Game/Cards/07 PE1/GVG_079/HS3-039_D.psd family=CardTexture persistent=False
D 01:40:35.5866043 CachedAsset.UnloadAssetObject() - unloading name=Assets/Game/Cards/00 Basic/CS2_108/WoW_Chi_061_D.psd family=CardTexture persistent=False
D 01:40:35.5866043 CachedAsset.UnloadAssetObject() - unloading name=Assets/Game/Cards/00 Basic/CS2_106/W14_a200_D.psd family=CardTexture persistent=False
D 01:40:35.5866043 CachedAsset.UnloadAssetObject() - unloading name=Assets/Game/Cards/00 Basic/CS2_103/WOW_ACT_055_D.psd family=CardTexture persistent=False
D 01:40:35.5866043 CachedAsset.UnloadAssetObject() - unloading name=Assets/Game/Cards/07 PE1/GVG_082/W14_a242_D.psd family=CardTexture persistent=False
D 01:40:35.5866043 CachedAsset.UnloadAssetObject() - unloading name=Assets/Game/Cards/00 Basic/EX1_508/W16_a185_D.psd family=CardTexture persistent=False
D 01:40:35.5866043 CachedAsset.UnloadAssetObject() - unloading name=Assets/Game/Cards/09 AT/AT_082/HS5-014_D.psd family=CardTexture persistent=False
D 01:40:35.5866043 CachedAsset.UnloadAssetObject() - unloading name=Assets/Game/Cards/00 Basic/CS2_168/Bestiary-final_D.psd family=CardTexture persistent=False
D 01:40:35.5876045 CachedAsset.UnloadAssetObject() - unloading name=Assets/Game/Cards/01 Expert/CS2_146/R7_a019_D.psd family=CardTexture persistent=False
D 01:40:35.5876045 CachedAsset.UnloadAssetObject() - unloading name=Assets/Game/Cards/00 Basic/EX1_011/wow_dbl_011_D.psd family=CardTexture persistent=False
D 01:40:35.5876045 CachedAsset.UnloadAssetObject() - unloading name=Assets/Game/Cards/00 Basic/EX1_066/AcidicSwampOoze_D.psd family=CardTexture persistent=False
D 01:40:35.5876045 CachedAsset.UnloadAssetObject() - unloading name=Assets/Game/Cards/09 AT/AT_109/HS5-071_D.psd family=CardTexture persistent=False
D 01:40:35.5876045 CachedAsset.UnloadAssetObject() - unloading name=Assets/Game/Cards/09 AT/AT_089/HS5-016_D.psd family=CardTexture persistent=False
D 01:40:35.5876045 CachedAsset.UnloadAssetObject() - unloading name=Assets/Game/Cards/01 Expert/EX1_162/WOW_TAL_008_D.psd family=CardTexture persistent=False
D 01:40:35.5876045 CachedAsset.UnloadAssetObject() - unloading name=Assets/Game/Cards/00 Basic/EX1_084/W11_101_D.psd family=CardTexture persistent=False
D 01:40:35.5876045 CachedAsset.UnloadAssetObject() - unloading name=Assets/Game/Cards/00 Basic/CS2_121/W15_A233_D.psd family=CardTexture persistent=False
D 01:40:35.5876045 CachedAsset.UnloadAssetObject() - unloading name=Assets/Game/Cards/00 Basic/CS2_142/W15_A215_D.psd family=CardTexture persistent=False
D 01:40:35.5876045 CachedAsset.UnloadAssetObject() - unloading name=Assets/Game/Cards/00 Basic/EX1_506/PROMO_001_D.psd family=CardTexture persistent=False
D 01:40:35.5876045 CachedAsset.UnloadAssetObject() - unloading name=Assets/Game/Cards/00 Basic/EX1_015/W7_078_D.psd family=CardTexture persistent=False
D 01:40:35.5876045 CachedAsset.UnloadAssetObject() - unloading name=Assets/Game/Cards/00 Basic/CS2_120/W9_A160_D.psd family=CardTexture persistent=False
D 01:40:35.5876045 CachedAsset.UnloadAssetObject() - unloading name=Assets/Game/Cards/07 PE1/GVG_067/W19_A201_D.psd family=CardTexture persistent=False
D 01:40:35.5876045 CachedAsset.UnloadAssetObject() - unloading name=Assets/Game/Cards/00 Basic/EX1_582/W12_A088(EA)_D.psd family=CardTexture persistent=False
D 01:40:35.5876045 CachedAsset.UnloadAssetObject() - unloading name=Assets/Game/Cards/07 PE1/GVG_089/W15_A062_D.psd family=CardTexture persistent=False
D 01:40:35.5876045 CachedAsset.UnloadAssetObject() - unloading name=Assets/Game/Cards/00 Basic/CS2_125/W6_239_D.psd family=CardTexture persistent=False
D 01:40:35.5876045 CachedAsset.UnloadAssetObject() - unloading name=Assets/Game/Cards/00 Basic/CS2_118/W14_a249_D.psd family=CardTexture persistent=False
D 01:40:35.5876045 CachedAsset.UnloadAssetObject() - unloading name=Assets/Game/Cards/01 Expert/EX1_085/W11_049_D.psd family=CardTexture persistent=False
D 01:40:35.5876045 CachedAsset.UnloadAssetObject() - unloading name=Assets/Game/Cards/01 Expert/EX1_412/EX1_412_D.psd family=CardTexture persistent=False
D 01:40:35.5876045 CachedAsset.UnloadAssetObject() - unloading name=Assets/Game/Cards/00 Basic/CS2_122/WOW_BLZ_003_D.psd family=CardTexture persistent=False
D 01:40:35.5876045 CachedAsset.UnloadAssetObject() - unloading name=Assets/Game/Cards/00 Basic/CS2_196/W8_018_D.psd family=CardTexture persistent=False
D 01:40:35.5876045 CachedAsset.UnloadAssetObject() - unloading name=Assets/Game/Cards/00 Basic/EX1_019/W13_005_D.psd family=CardTexture persistent=False
D 01:40:35.5876045 CachedAsset.UnloadAssetObject() - unloading name=Assets/Game/Cards/01 Expert/EX1_021/W12_A179_D.psd family=CardTexture persistent=False
D 01:40:35.5876045 CachedAsset.UnloadAssetObject() - unloading name=Assets/Game/Cards/07 PE1/GVG_102/HS3-011_D.psd family=CardTexture persistent=False
D 01:40:35.5876045 CachedAsset.UnloadAssetObject() - unloading name=Assets/Game/Cards/01 Expert/EX1_083/WOW_ALYH_015_D.png family=CardTexture persistent=False
D 01:40:35.5876045 CachedAsset.UnloadAssetObject() - unloading name=Assets/Game/Cards/00 Basic/CS2_124/W11_116_D.psd family=CardTexture persistent=False
D 01:40:35.5876045 CachedAsset.UnloadAssetObject() - unloading name=Assets/Game/Cards/00 Basic/CS2_182/WOW_ACT_105_D.psd family=CardTexture persistent=False
D 01:40:35.5876045 CachedAsset.UnloadAssetObject() - unloading name=Assets/Game/Cards/00 Basic/EX1_025/W2_265_D.psd family=CardTexture persistent=False
D 01:40:35.5876045 CachedAsset.UnloadAssetObject() - unloading name=Assets/Game/Cards/00 Basic/CS2_147/W7_031_D.psd family=CardTexture persistent=False
D 01:40:35.5876045 CachedAsset.UnloadAssetObject() - unloading name=Assets/Game/Cards/09 AT/AT_085/HS5-037_D.psd family=CardTexture persistent=False
D 01:40:35.5876045 CachedAsset.UnloadAssetObject() - unloading name=Assets/Game/Cards/07 PE1/GVG_078/HS3-077_D.psd family=CardTexture persistent=False
D 01:40:35.5876045 CachedAsset.UnloadAssetObject() - unloading name=Assets/Game/Cards/00 Basic/CS2_119/W14_a012_D.psd family=CardTexture persistent=False
D 01:40:35.5876045 CachedAsset.UnloadAssetObject() - unloading name=Assets/Game/Cards/00 Basic/CS2_197/W8_148_D.psd family=CardTexture persistent=False
D 01:40:35.5876045 CachedAsset.UnloadAssetObject() - unloading name=Assets/Game/Cards/00 Basic/CS2_131/WOW_CHE_027_D.psd family=CardTexture persistent=False
D 01:40:35.5876045 CachedAsset.UnloadAssetObject() - unloading name=Assets/Game/Cards/00 Basic/CS2_187/W7_183_D.psd family=CardTexture persistent=False
D 01:40:35.5876045 CachedAsset.UnloadAssetObject() - unloading name=Assets/Game/Cards/00 Basic/DS1_055/W16_a022_D.psd family=CardTexture persistent=False
D 01:40:35.5876045 CachedAsset.UnloadAssetObject() - unloading name=Assets/Game/Cards/00 Basic/CS2_226/W11_084(EA)_D.psd family=CardTexture persistent=False
D 01:40:35.5876045 CachedAsset.UnloadAssetObject() - unloading name=Assets/Game/Cards/00 Basic/EX1_399/W13_002_D.psd family=CardTexture persistent=False
D 01:40:35.5876045 CachedAsset.UnloadAssetObject() - unloading name=Assets/Game/Cards/00 Basic/EX1_593/W11_061_D.psd family=CardTexture persistent=False
D 01:40:35.5876045 CachedAsset.UnloadAssetObject() - unloading name=Assets/Game/Cards/01 Expert/EX1_028/W13_309_D.psd family=CardTexture persistent=False
D 01:40:35.5876045 CachedAsset.UnloadAssetObject() - unloading name=Assets/Game/Cards/00 Basic/CS2_155/W9_A130_D.psd family=CardTexture persistent=False
D 01:40:35.5876045 CachedAsset.UnloadAssetObject() - unloading name=Assets/Game/Cards/00 Basic/CS2_200/W17_a123_D.psd family=CardTexture persistent=False
D 01:40:35.5876045 CachedAsset.UnloadAssetObject() - unloading name=Assets/Game/Cards/01 Expert/EX1_095/W8_071_D.psd family=CardTexture persistent=False
D 01:40:35.5876045 CachedAsset.UnloadAssetObject() - unloading name=Assets/Game/Cards/01 Expert/EX1_583/W8_130_D.psd family=CardTexture persistent=False
D 01:40:35.5876045 CachedAsset.UnloadAssetObject() - unloading name=Assets/Game/Cards/00 Basic/CS2_201/W2_054_D.psd family=CardTexture persistent=False
D 01:40:35.5876045 CachedAsset.UnloadAssetObject() - unloading name=Assets/Game/Cards/00 Basic/CS2_186/WOW_LEAD_043_D.psd family=CardTexture persistent=False
D 01:40:35.5876045 CachedAsset.UnloadAssetObject() - unloading name=CraftingTray family=GameObject persistent=False
D 01:40:35.5876045 CachedAsset.UnloadAssetObject() - unloading name=CollectionBookCover family=GameObject persistent=False
D 01:40:35.5876045 CachedAsset.UnloadAssetObject() - unloading name=MassDisenchant family=Screen persistent=False
D 01:40:35.5876045 CachedAsset.UnloadAssetObject() - unloading name=CollectionManager family=Screen persistent=False
D 01:40:35.5876045 CachedAsset.UnloadAssetObject() - unloading name=Set1_Icon family=Texture persistent=False
D 01:40:35.5876045 CachedAsset.UnloadAssetObject() - unloading name=TGTIcon family=Texture persistent=False
D 01:40:35.5876045 CachedAsset.UnloadAssetObject() - unloading name=GvGIcon family=Texture persistent=False
D 01:40:35.6956118 CachedAsset.UnloadAssetObject() - unloading name=Small_Mouseover family=Sound persistent=True
D 01:40:35.6956118 CachedAsset.UnloadAssetObject() - unloading name=collection_manager_book_page_flip_back family=Sound persistent=True
D 01:40:35.6956118 CachedAsset.UnloadAssetObject() - unloading name=tiny_button_press_1 family=Sound persistent=True
D 01:40:35.6956118 CachedAsset.UnloadAssetObject() - unloading name=tiny_button_mouseover_1 family=Sound persistent=True
D 01:40:35.6956118 CachedAsset.UnloadAssetObject() - unloading name=panel_slide_off_deck_creation_screen family=Sound persistent=True
D 01:40:35.6956118 CachedAsset.UnloadAssetObject() - unloading name=Card_Transition_Out family=Sound persistent=True
D 01:40:35.6956118 CachedAsset.UnloadAssetObject() - unloading name=Card_Transition_In family=Sound persistent=True
D 01:40:35.6956118 CachedAsset.UnloadAssetObject() - unloading name=collection_manager_card_add_to_deck_instant family=Sound persistent=True
D 01:40:35.6956118 CachedAsset.UnloadAssetObject() - unloading name=class_tab_click family=Sound persistent=True
D 01:40:35.6956118 CachedAsset.UnloadAssetObject() - unloading name=collection_manager_book_open family=Sound persistent=True
D 01:40:35.6966087 CachedAsset.UnloadAssetObject() - unloading name=collection_manager_hero_mouse_over family=Sound persistent=True
D 01:40:35.6966087 CachedAsset.UnloadAssetObject() - unloading name=tournament_screen_select_hero family=Sound persistent=True
D 01:40:35.6966087 CachedAsset.UnloadAssetObject() - unloading name=collection_manager_book_page_flip_forward family=Sound persistent=True
D 01:40:35.6966087 CachedAsset.UnloadAssetObject() - unloading name=class_tab_retract family=Sound persistent=True
D 01:40:35.6966087 CachedAsset.UnloadAssetObject() - unloading name=class_tab_slides_across_top family=Sound persistent=True
D 01:40:35.6966087 CachedAsset.UnloadAssetObject() - unloading name=collection_manager_new_deck_moves_up_tray family=Sound persistent=True
D 01:40:35.6966087 CachedAsset.UnloadAssetObject() - unloading name=card_limit_unlock family=Sound persistent=True
D 01:40:35.6966087 CachedAsset.UnloadAssetObject() - unloading name=collection_manager_card_remove_from_deck_instant family=Sound persistent=True
D 01:40:35.6966087 CachedAsset.UnloadAssetObject() - unloading name=collection_manager_card_mouse_over family=Sound persistent=True
D 01:40:35.6966087 CachedAsset.UnloadAssetObject() - unloading name=card_limit_lock family=Sound persistent=True
D 01:40:35.6966087 CachedAsset.UnloadAssetObject() - unloading name=Small_Click family=Sound persistent=True
D 01:40:38.3700270 CachedAsset.UnloadAssetObject() - unloading name=Card_Hand_Ally_DeathReverse family=Actor persistent=True
D 01:40:38.3700270 CachedAsset.UnloadAssetObject() - unloading name=Card_Hand_Ability_DeathReverse family=Actor persistent=True
D 01:40:38.3700270 CachedAsset.UnloadAssetObject() - unloading name=Card_Hand_Weapon_DeathReverse family=Actor persistent=True
D 01:40:38.3700270 CachedAsset.UnloadAssetObject() - unloading name=Card_Hand_Ally_GhostCard family=Actor persistent=True
D 01:40:38.3700270 CachedAsset.UnloadAssetObject() - unloading name=Card_Hand_Ability_GhostCard family=Actor persistent=True
D 01:40:38.3700270 CachedAsset.UnloadAssetObject() - unloading name=Card_Hand_Weapon_GhostCard family=Actor persistent=True
D 01:40:38.3700270 CachedAsset.UnloadAssetObject() - unloading name=CollectionManager_music_2 family=Sound persistent=True
D 01:40:38.3700270 CachedAsset.UnloadAssetObject() - unloading name=tavern_wallah loop_light family=Sound persistent=True
D 01:40:38.3700270 CachedAsset.UnloadAssetObject() - unloading name=tavern_wallah loop_medium family=Sound persistent=True
D 01:40:38.3700270 CachedAsset.UnloadAssetObject() - unloading name=Main_Title family=Sound persistent=True
