D 23:42:27.1070033 NotifyOfCardGained: [name=Frostwolf Grunt cardId=CS2_121 type=MINION] [CardFlair: Premium=STANDARD] 2
D 23:42:27.1140090 NotifyOfCardGained: [name=Silverback Patriarch cardId=CS2_127 type=MINION] [CardFlair: Premium=STANDARD] 2
D 23:42:27.1200043 NotifyOfCardGained: [name=Chillwind Yeti cardId=CS2_182 type=MINION] [CardFlair: Premium=STANDARD] 2
D 23:42:27.1260054 NotifyOfCardGained: [name=Voodoo Doctor cardId=EX1_011 type=MINION] [CardFlair: Premium=STANDARD] 2
D 23:42:27.1310101 NotifyOfCardGained: [name=Lord of the Arena cardId=CS2_162 type=MINION] [CardFlair: Premium=STANDARD] 2
D 23:42:27.1360105 NotifyOfCardGained: [name=Dalaran Mage cardId=EX1_582 type=MINION] [CardFlair: Premium=STANDARD] 2
D 23:42:27.1430109 NotifyOfCardGained: [name=Murloc Raider cardId=CS2_168 type=MINION] [CardFlair: Premium=STANDARD] 2
D 23:42:27.1480113 NotifyOfCardGained: [name=Bloodfen Raptor cardId=CS2_172 type=MINION] [CardFlair: Premium=STANDARD] 2
D 23:42:27.1540114 NotifyOfCardGained: [name=Razorfen Hunter cardId=CS2_196 type=MINION] [CardFlair: Premium=STANDARD] 2
D 23:42:27.1590118 NotifyOfCardGained: [name=Novice Engineer cardId=EX1_015 type=MINION] [CardFlair: Premium=STANDARD] 2
D 23:42:27.1650119 NotifyOfCardGained: [name=Wolfrider cardId=CS2_124 type=MINION] [CardFlair: Premium=STANDARD] 2
D 23:42:27.1700122 NotifyOfCardGained: [name=Gnomish Inventor cardId=CS2_147 type=MINION] [CardFlair: Premium=STANDARD] 2
D 23:42:27.1750126 NotifyOfCardGained: [name=Ironforge Rifleman cardId=CS2_141 type=MINION] [CardFlair: Premium=STANDARD] 2
D 23:42:27.1810132 NotifyOfCardGained: [name=Elven Archer cardId=CS2_189 type=MINION] [CardFlair: Premium=STANDARD] 2
D 23:42:27.1860610 NotifyOfCardGained: [name=Stormpike Commando cardId=CS2_150 type=MINION] [CardFlair: Premium=STANDARD] 2
D 23:42:27.1910614 NotifyOfCardGained: [name=Reckless Rocketeer cardId=CS2_213 type=MINION] [CardFlair: Premium=STANDARD] 2
D 23:42:27.1960617 NotifyOfCardGained: [name=Frostwolf Warlord cardId=CS2_226 type=MINION] [CardFlair: Premium=STANDARD] 2
D 23:42:27.2020618 NotifyOfCardGained: [name=Grimscale Oracle cardId=EX1_508 type=MINION] [CardFlair: Premium=STANDARD] 2
D 23:42:27.2070622 NotifyOfCardGained: [name=Dragonling Mechanic cardId=EX1_025 type=MINION] [CardFlair: Premium=STANDARD] 2
D 23:42:27.2130628 NotifyOfCardGained: [name=Archmage cardId=CS2_155 type=MINION] [CardFlair: Premium=STANDARD] 2
D 23:42:27.2180627 NotifyOfCardGained: [name=Darkscale Healer cardId=DS1_055 type=MINION] [CardFlair: Premium=STANDARD] 2
D 23:42:27.2230635 NotifyOfCardGained: [name=Shattered Sun Cleric cardId=EX1_019 type=MINION] [CardFlair: Premium=STANDARD] 2
D 23:42:27.2290123 NotifyOfCardGained: [name=Stormwind Knight cardId=CS2_131 type=MINION] [CardFlair: Premium=STANDARD] 2
D 23:42:27.2340640 NotifyOfCardGained: [name=Sen'jin Shieldmasta cardId=CS2_179 type=MINION] [CardFlair: Premium=STANDARD] 2
D 23:42:27.2390644 NotifyOfCardGained: [name=Stonetusk Boar cardId=CS2_171 type=MINION] [CardFlair: Premium=STANDARD] 2
D 23:42:27.2450127 NotifyOfCardGained: [name=Nightblade cardId=EX1_593 type=MINION] [CardFlair: Premium=STANDARD] 2
D 23:42:27.2500619 NotifyOfCardGained: [name=Kobold Geomancer cardId=CS2_142 type=MINION] [CardFlair: Premium=STANDARD] 2
D 23:42:27.2550652 NotifyOfCardGained: [name=War Golem cardId=CS2_186 type=MINION] [CardFlair: Premium=STANDARD] 2
D 23:42:27.2600622 NotifyOfCardGained: [name=Bluegill Warrior cardId=CS2_173 type=MINION] [CardFlair: Premium=STANDARD] 2
D 23:42:27.2660657 NotifyOfCardGained: [name=Stormwind Champion cardId=CS2_222 type=MINION] [CardFlair: Premium=STANDARD] 2
D 23:42:27.2710661 NotifyOfCardGained: [name=Gurubashi Berserker cardId=EX1_399 type=MINION] [CardFlair: Premium=STANDARD] 2
D 23:42:27.2760244 NotifyOfCardGained: [name=Acidic Swamp Ooze cardId=EX1_066 type=MINION] [CardFlair: Premium=STANDARD] 2
D 23:42:27.2820666 NotifyOfCardGained: [name=Goldshire Footman cardId=CS1_042 type=MINION] [CardFlair: Premium=STANDARD] 2
D 23:42:27.2870674 NotifyOfCardGained: [name=Murloc Tidehunter cardId=EX1_506 type=MINION] [CardFlair: Premium=STANDARD] 2
D 23:42:27.2930671 NotifyOfCardGained: [name=Ogre Magi cardId=CS2_197 type=MINION] [CardFlair: Premium=STANDARD] 2
D 23:42:27.2980679 NotifyOfCardGained: [name=Booty Bay Bodyguard cardId=CS2_187 type=MINION] [CardFlair: Premium=STANDARD] 2
D 23:42:27.3040680 NotifyOfCardGained: [name=Ironfur Grizzly cardId=CS2_125 type=MINION] [CardFlair: Premium=STANDARD] 2
D 23:42:27.3090171 NotifyOfCardGained: [name=River Crocolisk cardId=CS2_120 type=MINION] [CardFlair: Premium=STANDARD] 2
D 23:42:27.3140683 NotifyOfCardGained: [name=Oasis Snapjaw cardId=CS2_119 type=MINION] [CardFlair: Premium=STANDARD] 2
D 23:42:27.3200620 NotifyOfCardGained: [name=Raid Leader cardId=CS2_122 type=MINION] [CardFlair: Premium=STANDARD] 2
D 23:42:27.3250262 NotifyOfCardGained: [name=Magma Rager cardId=CS2_118 type=MINION] [CardFlair: Premium=STANDARD] 2
D 23:42:27.3310176 NotifyOfCardGained: [name=Boulderfist Ogre cardId=CS2_200 type=MINION] [CardFlair: Premium=STANDARD] 2
D 23:42:27.3360697 NotifyOfCardGained: [name=Core Hound cardId=CS2_201 type=MINION] [CardFlair: Premium=STANDARD] 2
D 23:42:27.3410701 NotifyOfCardGained: [name=Polymorph cardId=CS2_022 type=SPELL] [CardFlair: Premium=STANDARD] 2
D 23:42:27.3470169 NotifyOfCardGained: [name=Fireball cardId=CS2_029 type=SPELL] [CardFlair: Premium=STANDARD] 2
D 23:42:27.3520207 NotifyOfCardGained: [name=Arcane Explosion cardId=CS2_025 type=SPELL] [CardFlair: Premium=STANDARD] 2
D 23:42:27.3580179 NotifyOfCardGained: [name=Arcane Intellect cardId=CS2_023 type=SPELL] [CardFlair: Premium=STANDARD] 2
D 23:42:27.3630178 NotifyOfCardGained: [name=Arcane Missiles cardId=EX1_277 type=SPELL] [CardFlair: Premium=STANDARD] 2
D 23:42:27.3700182 NotifyOfCardGained: [name=Mark of the Wild cardId=CS2_009 type=SPELL] [CardFlair: Premium=STANDARD] 2
D 23:42:27.3760183 NotifyOfCardGained: [name=Innervate cardId=EX1_169 type=SPELL] [CardFlair: Premium=STANDARD] 2
D 23:42:27.3810192 NotifyOfCardGained: [name=Healing Touch cardId=CS2_007 type=SPELL] [CardFlair: Premium=STANDARD] 2
D 23:42:27.3880196 NotifyOfCardGained: [name=Claw cardId=CS2_005 type=SPELL] [CardFlair: Premium=STANDARD] 2
D 23:42:27.3940216 NotifyOfCardGained: [name=Wild Growth cardId=CS2_013 type=SPELL] [CardFlair: Premium=STANDARD] 2
D 23:42:27.4000198 NotifyOfCardGained: [name=Multi-Shot cardId=DS1_183 type=SPELL] [CardFlair: Premium=STANDARD] 2
D 23:42:27.4060742 NotifyOfCardGained: [name=Timber Wolf cardId=DS1_175 type=MINION] [CardFlair: Premium=STANDARD] 2
D 23:42:27.4110624 NotifyOfCardGained: [name=Arcane Shot cardId=DS1_185 type=SPELL] [CardFlair: Premium=STANDARD] 2
D 23:42:27.4160446 NotifyOfCardGained: [name=Houndmaster cardId=DS1_070 type=MINION] [CardFlair: Premium=STANDARD] 2
D 23:42:27.4220233 NotifyOfCardGained: [name=Tracking cardId=DS1_184 type=SPELL] [CardFlair: Premium=STANDARD] 2
D 23:42:27.4270749 NotifyOfCardGained: [name=Blessing of Might cardId=CS2_087 type=SPELL] [CardFlair: Premium=STANDARD] 2
D 23:42:27.4320753 NotifyOfCardGained: [name=Hammer of Wrath cardId=CS2_094 type=SPELL] [CardFlair: Premium=STANDARD] 2
D 23:42:27.4380241 NotifyOfCardGained: [name=Holy Light cardId=CS2_089 type=SPELL] [CardFlair: Premium=STANDARD] 2
D 23:42:27.4430763 NotifyOfCardGained: [name=Light's Justice cardId=CS2_091 type=WEAPON] [CardFlair: Premium=STANDARD] 2
D 23:42:27.4480761 NotifyOfCardGained: [name=Hand of Protection cardId=EX1_371 type=SPELL] [CardFlair: Premium=STANDARD] 2
D 23:42:27.4550770 NotifyOfCardGained: [name=Holy Smite cardId=CS1_130 type=SPELL] [CardFlair: Premium=STANDARD] 2
D 23:42:27.4600622 NotifyOfCardGained: [name=Mind Blast cardId=DS1_233 type=SPELL] [CardFlair: Premium=STANDARD] 2
D 23:42:27.4650259 NotifyOfCardGained: [name=Power Word: Shield cardId=CS2_004 type=SPELL] [CardFlair: Premium=STANDARD] 2
D 23:42:27.4700243 NotifyOfCardGained: [name=Shadow Word: Pain cardId=CS2_234 type=SPELL] [CardFlair: Premium=STANDARD] 2
D 23:42:27.4760777 NotifyOfCardGained: [name=Northshire Cleric cardId=CS2_235 type=MINION] [CardFlair: Premium=STANDARD] 2
D 23:42:27.4810268 NotifyOfCardGained: [name=Backstab cardId=CS2_072 type=SPELL] [CardFlair: Premium=STANDARD] 2
D 23:42:27.4870787 NotifyOfCardGained: [name=Assassinate cardId=CS2_076 type=SPELL] [CardFlair: Premium=STANDARD] 2
D 23:42:27.4920454 NotifyOfCardGained: [name=Deadly Poison cardId=CS2_074 type=SPELL] [CardFlair: Premium=STANDARD] 2
D 23:42:27.4980792 NotifyOfCardGained: [name=Sap cardId=EX1_581 type=SPELL] [CardFlair: Premium=STANDARD] 2
D 23:42:27.5030791 NotifyOfCardGained: [name=Sinister Strike cardId=CS2_075 type=SPELL] [CardFlair: Premium=STANDARD] 2
D 23:42:27.5080794 NotifyOfCardGained: [name=Windfury cardId=CS2_039 type=SPELL] [CardFlair: Premium=STANDARD] 2
D 23:42:27.5140801 NotifyOfCardGained: [name=Ancestral Healing cardId=CS2_041 type=SPELL] [CardFlair: Premium=STANDARD] 2
D 23:42:27.5190799 NotifyOfCardGained: [name=Rockbiter Weapon cardId=CS2_045 type=SPELL] [CardFlair: Premium=STANDARD] 2
D 23:42:27.5240803 NotifyOfCardGained: [name=Hex cardId=EX1_246 type=SPELL] [CardFlair: Premium=STANDARD] 2
D 23:42:27.5291012 NotifyOfCardGained: [name=Frost Shock cardId=CS2_037 type=SPELL] [CardFlair: Premium=STANDARD] 2
D 23:42:27.5350818 NotifyOfCardGained: [name=Voidwalker cardId=CS2_065 type=MINION] [CardFlair: Premium=STANDARD] 2
D 23:42:27.5400616 NotifyOfCardGained: [name=Succubus cardId=EX1_306 type=MINION] [CardFlair: Premium=STANDARD] 2
D 23:42:27.5450849 NotifyOfCardGained: [name=Shadow Bolt cardId=CS2_057 type=SPELL] [CardFlair: Premium=STANDARD] 2
D 23:42:27.5500613 NotifyOfCardGained: [name=Drain Life cardId=CS2_061 type=SPELL] [CardFlair: Premium=STANDARD] 2
D 23:42:27.5560825 NotifyOfCardGained: [name=Hellfire cardId=CS2_062 type=SPELL] [CardFlair: Premium=STANDARD] 2
D 23:42:27.5610814 NotifyOfCardGained: [name=Charge cardId=CS2_103 type=SPELL] [CardFlair: Premium=STANDARD] 2
D 23:42:27.5660323 NotifyOfCardGained: [name=Fiery War Axe cardId=CS2_106 type=WEAPON] [CardFlair: Premium=STANDARD] 2
D 23:42:27.5720833 NotifyOfCardGained: [name=Execute cardId=CS2_108 type=SPELL] [CardFlair: Premium=STANDARD] 2
D 23:42:27.5770299 NotifyOfCardGained: [name=Heroic Strike cardId=CS2_105 type=SPELL] [CardFlair: Premium=STANDARD] 2
D 23:42:27.5920310 NotifyOfCardGained: [name=Warsong Commander cardId=EX1_084 type=MINION] [CardFlair: Premium=STANDARD] 2
D 23:42:27.6010314 NotifyOfCardGained: [name=Animal Companion cardId=NEW1_031 type=SPELL] [CardFlair: Premium=STANDARD] 2
D 23:42:27.6070853 NotifyOfCardGained: [name=Frostbolt cardId=CS2_024 type=SPELL] [CardFlair: Premium=STANDARD] 2
D 23:42:27.6120857 NotifyOfCardGained: [name=Mirror Image cardId=CS2_027 type=SPELL] [CardFlair: Premium=STANDARD] 2
D 23:42:27.6180858 NotifyOfCardGained: [name=Assassin's Blade cardId=CS2_080 type=WEAPON] [CardFlair: Premium=STANDARD] 2
D 23:42:27.6240869 NotifyOfCardGained: [name=Fan of Knives cardId=EX1_129 type=SPELL] [CardFlair: Premium=STANDARD] 2
D 23:42:27.6290863 NotifyOfCardGained: [name=Bloodlust cardId=CS2_046 type=SPELL] [CardFlair: Premium=STANDARD] 2
D 23:42:27.6350869 NotifyOfCardGained: [name=Flametongue Totem cardId=EX1_565 type=MINION] [CardFlair: Premium=STANDARD] 2
D 23:42:27.6400619 NotifyOfCardGained: [name=Totemic Might cardId=EX1_244 type=SPELL] [CardFlair: Premium=STANDARD] 2
D 23:42:27.6460874 NotifyOfCardGained: [name=Corruption cardId=CS2_063 type=SPELL] [CardFlair: Premium=STANDARD] 2
D 23:42:27.6510878 NotifyOfCardGained: [name=Cleave cardId=CS2_114 type=SPELL] [CardFlair: Premium=STANDARD] 2
D 23:42:27.6560881 NotifyOfCardGained: [name=Kor'kron Elite cardId=NEW1_011 type=MINION] [CardFlair: Premium=STANDARD] 2
D 23:42:27.6620883 NotifyOfCardGained: [name=Whirlwind cardId=EX1_400 type=SPELL] [CardFlair: Premium=STANDARD] 2
D 23:42:27.6670886 NotifyOfCardGained: [name=Shield Block cardId=EX1_606 type=SPELL] [CardFlair: Premium=STANDARD] 2
D 23:42:27.6720895 NotifyOfCardGained: [name=Arcanite Reaper cardId=CS2_112 type=WEAPON] [CardFlair: Premium=STANDARD] 2
D 23:42:27.6780896 NotifyOfCardGained: [name=Heroic Strike cardId=CS2_105 type=SPELL] [CardFlair: Premium=GOLDEN] 1
D 23:55:41.6188676 Processing achievement: [Achievement: ID=14 AchieveGroup=QUEST_INTERNAL_ACTIVE Name='' MaxProgress=4 Progress=2 AckProgress=-1 IsActive=True DateGiven=130866164300000000 DateCompleted=130866164300000000 Description='' Trigger=IGNORE]
D 23:55:41.6268678 Processing achievement: [Achievement: ID=18 AchieveGroup=QUEST_INTERNAL_ACTIVE Name='' MaxProgress=4 Progress=3 AckProgress=-1 IsActive=True DateGiven=130418743480000000 DateCompleted=130418743480000000 Description='' Trigger=IGNORE]
D 23:55:41.6348680 Processing achievement: [Achievement: ID=20 AchieveGroup=QUEST_INTERNAL_ACTIVE Name='' MaxProgress=4 Progress=2 AckProgress=-1 IsActive=True DateGiven=130418757020000000 DateCompleted=130418757020000000 Description='' Trigger=IGNORE]
D 23:55:41.6428686 Processing achievement: [Achievement: ID=23 AchieveGroup=QUEST_INTERNAL_ACTIVE Name='' MaxProgress=9 Progress=2 AckProgress=-1 IsActive=True DateGiven=130866164300000000 DateCompleted=130866164300000000 Description='' Trigger=IGNORE]
D 23:55:41.6508718 Processing achievement: [Achievement: ID=24 AchieveGroup=QUEST_INTERNAL_ACTIVE Name='' MaxProgress=9 Progress=4 AckProgress=-1 IsActive=True DateGiven=130418729870000000 DateCompleted=130418729870000000 Description='' Trigger=IGNORE]
D 23:55:41.6588754 Processing achievement: [Achievement: ID=27 AchieveGroup=QUEST_INTERNAL_ACTIVE Name='' MaxProgress=9 Progress=3 AckProgress=-1 IsActive=True DateGiven=130418743480000000 DateCompleted=130418743480000000 Description='' Trigger=IGNORE]
D 23:55:41.6668755 Processing achievement: [Achievement: ID=28 AchieveGroup=QUEST_INTERNAL_ACTIVE Name='' MaxProgress=9 Progress=5 AckProgress=-1 IsActive=True DateGiven=130869951480000000 DateCompleted=130869951480000000 Description='' Trigger=IGNORE]
D 23:55:41.6738759 Processing achievement: [Achievement: ID=29 AchieveGroup=QUEST_INTERNAL_ACTIVE Name='' MaxProgress=9 Progress=2 AckProgress=-1 IsActive=True DateGiven=130418757030000000 DateCompleted=130418757030000000 Description='' Trigger=IGNORE]
D 23:55:41.6818766 Processing achievement: [Achievement: ID=57 AchieveGroup=QUEST_INTERNAL_ACTIVE Name='' MaxProgress=10 Progress=5 AckProgress=-1 IsActive=True DateGiven=130867192130000000 DateCompleted=130867192130000000 Description='' Trigger=IGNORE]
D 23:55:41.6898768 Processing achievement: [Achievement: ID=62 AchieveGroup=QUEST_HIDDEN Name='Chicken Dinner' MaxProgress=100 Progress=18 AckProgress=-1 IsActive=True DateGiven=130418729870000000 DateCompleted=130418729870000000 Description='Win 100 games in any mode.' Trigger=WIN]
D 23:55:41.6978774 Processing achievement: [Achievement: ID=63 AchieveGroup=QUEST_HIDDEN Name='Big Winner' MaxProgress=1000 Progress=18 AckProgress=-1 IsActive=True DateGiven=130418729870000000 DateCompleted=130418729870000000 Description='Win 1000 games in any mode.' Trigger=WIN]
D 23:55:41.7059260 Processing achievement: [Achievement: ID=93 AchieveGroup=QUEST_INTERNAL_ACTIVE Name='' MaxProgress=10 Progress=5 AckProgress=-1 IsActive=True DateGiven=130867192130000000 DateCompleted=130867192130000000 Description='' Trigger=IGNORE]
D 23:55:41.7128731 Processing achievement: [Achievement: ID=104 AchieveGroup=UNLOCK_GOLDEN_HERO Name='Golden Thrall' MaxProgress=500 Progress=1 AckProgress=-1 IsActive=True DateGiven=130882077590000000 DateCompleted=130882077590000000 Description='Win 500 Ranked games with Thrall.' Trigger=WIN]
D 23:55:41.7219269 Processing achievement: [Achievement: ID=106 AchieveGroup=UNLOCK_GOLDEN_HERO Name='Golden Garrosh Hellscream' MaxProgress=500 Progress=4 AckProgress=-1 IsActive=True DateGiven=130867196110000000 DateCompleted=130867196110000000 Description='Win 500 Ranked games with Garrosh Hellscream.' Trigger=WIN]
D 23:55:41.7299271 Processing achievement: [Achievement: ID=218 AchieveGroup=QUEST_HIDDEN Name='Easy Rider' MaxProgress=100 Progress=10 AckProgress=-1 IsActive=True DateGiven=130863532420000000 DateCompleted=130863532420000000 Description='A reward for your 100th win in Play Mode.
Log in to Heroes of the Storm to claim it!' Trigger=WIN]
D 23:55:41.7399278 Processing achievement: [Achievement: ID=13 AchieveGroup=QUEST_INTERNAL_ACTIVE Name='' MaxProgress=4 Progress=0 AckProgress=0 IsActive=True DateGiven=0 DateCompleted=0 Description='' Trigger=IGNORE]
D 23:55:41.7468822 Processing achievement: [Achievement: ID=16 AchieveGroup=QUEST_INTERNAL_ACTIVE Name='' MaxProgress=4 Progress=0 AckProgress=0 IsActive=True DateGiven=0 DateCompleted=0 Description='' Trigger=IGNORE]
D 23:55:41.7529009 Processing achievement: [Achievement: ID=17 AchieveGroup=QUEST_INTERNAL_ACTIVE Name='' MaxProgress=4 Progress=0 AckProgress=0 IsActive=True DateGiven=0 DateCompleted=0 Description='' Trigger=IGNORE]
D 23:55:41.7599292 Processing achievement: [Achievement: ID=22 AchieveGroup=QUEST_INTERNAL_ACTIVE Name='' MaxProgress=9 Progress=0 AckProgress=0 IsActive=True DateGiven=0 DateCompleted=0 Description='' Trigger=IGNORE]
D 23:55:41.7669291 Processing achievement: [Achievement: ID=25 AchieveGroup=QUEST_INTERNAL_ACTIVE Name='' MaxProgress=9 Progress=0 AckProgress=0 IsActive=True DateGiven=0 DateCompleted=0 Description='' Trigger=IGNORE]
D 23:55:41.7748779 Processing achievement: [Achievement: ID=26 AchieveGroup=QUEST_INTERNAL_ACTIVE Name='' MaxProgress=9 Progress=0 AckProgress=0 IsActive=True DateGiven=0 DateCompleted=0 Description='' Trigger=IGNORE]
D 23:55:41.7818911 Processing achievement: [Achievement: ID=58 AchieveGroup=QUEST_HIDDEN Name='Arrrrrr!!!' MaxProgress=1 Progress=0 AckProgress=-1 IsActive=True DateGiven=0 DateCompleted=0 Description='Acquire every Pirate.' Trigger=IGNORE]
D 23:55:41.7889306 Processing achievement: [Achievement: ID=59 AchieveGroup=QUEST_HIDDEN Name='Golden Arrrrrr!!!' MaxProgress=1 Progress=0 AckProgress=-1 IsActive=True DateGiven=0 DateCompleted=0 Description='Acquire every Golden Pirate.' Trigger=IGNORE]
D 23:55:41.7968779 Processing achievement: [Achievement: ID=60 AchieveGroup=QUEST_HIDDEN Name='Mrglglglgl!' MaxProgress=1 Progress=0 AckProgress=-1 IsActive=True DateGiven=0 DateCompleted=0 Description='Acquire every Murloc.' Trigger=GAIN_CARD]
D 23:55:41.8039316 Processing achievement: [Achievement: ID=61 AchieveGroup=QUEST_HIDDEN Name='Golden Mrglglglgl!' MaxProgress=1 Progress=0 AckProgress=-1 IsActive=True DateGiven=0 DateCompleted=0 Description='Acquire every Golden Murloc.' Trigger=GAIN_GOLDEN_CARD]
D 23:55:41.8129321 Processing achievement: [Achievement: ID=67 AchieveGroup=QUEST_INTERNAL_ACTIVE Name='' MaxProgress=1 Progress=0 AckProgress=0 IsActive=True DateGiven=0 DateCompleted=0 Description='' Trigger=GAIN_CARD]
D 23:55:41.8219325 Processing achievement: [Achievement: ID=68 AchieveGroup=QUEST_INTERNAL_ACTIVE Name='' MaxProgress=1 Progress=0 AckProgress=0 IsActive=True DateGiven=0 DateCompleted=0 Description='' Trigger=GAIN_GOLDEN_CARD]
D 23:55:41.8288816 Processing achievement: [Achievement: ID=73 AchieveGroup=QUEST_INTERNAL_ACTIVE Name='' MaxProgress=1 Progress=0 AckProgress=0 IsActive=True DateGiven=0 DateCompleted=0 Description='' Trigger=WIN]
D 23:55:41.8568949 Processing achievement: [Achievement: ID=74 AchieveGroup=QUEST_INTERNAL_ACTIVE Name='' MaxProgress=1 Progress=0 AckProgress=0 IsActive=True DateGiven=0 DateCompleted=0 Description='' Trigger=WIN]
D 23:55:41.8649347 Processing achievement: [Achievement: ID=76 AchieveGroup=QUEST_INTERNAL_ACTIVE Name='' MaxProgress=1 Progress=0 AckProgress=0 IsActive=True DateGiven=0 DateCompleted=0 Description='' Trigger=WIN]
D 23:55:41.8719351 Processing achievement: [Achievement: ID=78 AchieveGroup=QUEST_INTERNAL_ACTIVE Name='' MaxProgress=1 Progress=0 AckProgress=0 IsActive=True DateGiven=0 DateCompleted=0 Description='' Trigger=WIN]
D 23:55:41.8789003 Processing achievement: [Achievement: ID=80 AchieveGroup=QUEST_INTERNAL_ACTIVE Name='' MaxProgress=1 Progress=0 AckProgress=0 IsActive=True DateGiven=0 DateCompleted=0 Description='' Trigger=WIN]
D 23:55:41.8859359 Processing achievement: [Achievement: ID=81 AchieveGroup=QUEST_INTERNAL_ACTIVE Name='' MaxProgress=1 Progress=0 AckProgress=0 IsActive=True DateGiven=0 DateCompleted=0 Description='' Trigger=WIN]
D 23:55:41.8929368 Processing achievement: [Achievement: ID=82 AchieveGroup=QUEST_INTERNAL_ACTIVE Name='' MaxProgress=1 Progress=0 AckProgress=0 IsActive=True DateGiven=0 DateCompleted=0 Description='' Trigger=WIN]
D 23:55:41.8989374 Processing achievement: [Achievement: ID=83 AchieveGroup=QUEST_INTERNAL_ACTIVE Name='' MaxProgress=1 Progress=0 AckProgress=0 IsActive=True DateGiven=0 DateCompleted=0 Description='' Trigger=WIN]
D 23:55:41.9059373 Processing achievement: [Achievement: ID=84 AchieveGroup=QUEST_INTERNAL_ACTIVE Name='' MaxProgress=1 Progress=0 AckProgress=0 IsActive=True DateGiven=0 DateCompleted=0 Description='' Trigger=WIN]
D 23:55:41.9129382 Processing achievement: [Achievement: ID=85 AchieveGroup=QUEST_INTERNAL_ACTIVE Name='' MaxProgress=1 Progress=0 AckProgress=0 IsActive=True DateGiven=0 DateCompleted=0 Description='' Trigger=WIN]
D 23:55:41.9199381 Processing achievement: [Achievement: ID=86 AchieveGroup=QUEST_INTERNAL_ACTIVE Name='' MaxProgress=1 Progress=0 AckProgress=0 IsActive=True DateGiven=0 DateCompleted=0 Description='' Trigger=WIN]
D 23:55:41.9269385 Processing achievement: [Achievement: ID=87 AchieveGroup=QUEST_INTERNAL_ACTIVE Name='' MaxProgress=1 Progress=0 AckProgress=0 IsActive=True DateGiven=0 DateCompleted=0 Description='' Trigger=WIN]
D 23:55:41.9339389 Processing achievement: [Achievement: ID=88 AchieveGroup=QUEST_INTERNAL_ACTIVE Name='' MaxProgress=1 Progress=0 AckProgress=0 IsActive=True DateGiven=0 DateCompleted=0 Description='' Trigger=WIN]
D 23:55:41.9409134 Processing achievement: [Achievement: ID=89 AchieveGroup=QUEST_HIDDEN Name='Crushed Them All!' MaxProgress=9 Progress=0 AckProgress=-1 IsActive=True DateGiven=0 DateCompleted=0 Description='Defeat every Expert AI Hero.' Trigger=IGNORE]
D 23:55:41.9479397 Processing achievement: [Achievement: ID=90 AchieveGroup=QUEST_HIDDEN Name='Got the Basics!' MaxProgress=1 Progress=0 AckProgress=-1 IsActive=True DateGiven=0 DateCompleted=0 Description='Collect every card in the Basic Set.' Trigger=COMPLETE_CARD_SET]
D 23:55:41.9559404 Processing achievement: [Achievement: ID=91 AchieveGroup=QUEST_HIDDEN Name='One of Everything!' MaxProgress=1 Progress=0 AckProgress=-1 IsActive=True DateGiven=0 DateCompleted=0 Description='Collect every card in the Classic Set.' Trigger=COMPLETE_CARD_SET]
D 23:55:41.9639406 Processing achievement: [Achievement: ID=95 AchieveGroup=QUEST_HIDDEN Name='Beta Hero!' MaxProgress=1 Progress=0 AckProgress=-1 IsActive=True DateGiven=0 DateCompleted=0 Description='Thank you for helping to test our Store!' Trigger=PURCHASE]
D 23:55:41.9719413 Processing achievement: [Achievement: ID=96 AchieveGroup=QUEST_HIDDEN Name='Ready to Rock!' MaxProgress=1 Progress=0 AckProgress=-1 IsActive=True DateGiven=0 DateCompleted=0 Description='Thank you for attending BlizzCon 2013!' Trigger=IGNORE]
D 23:55:41.9799414 Processing achievement: [Achievement: ID=98 AchieveGroup=UNLOCK_GOLDEN_HERO Name='Golden Malfurion Stormrage' MaxProgress=500 Progress=0 AckProgress=-1 IsActive=True DateGiven=0 DateCompleted=0 Description='Win 500 Ranked games with Malfurion Stormrage.' Trigger=WIN]
D 23:55:41.9879421 Processing achievement: [Achievement: ID=99 AchieveGroup=UNLOCK_GOLDEN_HERO Name='Golden Rexxar' MaxProgress=500 Progress=0 AckProgress=-1 IsActive=True DateGiven=0 DateCompleted=0 Description='Win 500 Ranked games with Rexxar.' Trigger=WIN]
D 23:55:41.9959423 Processing achievement: [Achievement: ID=100 AchieveGroup=UNLOCK_GOLDEN_HERO Name='Golden Jaina Proudmoore' MaxProgress=500 Progress=0 AckProgress=-1 IsActive=True DateGiven=0 DateCompleted=0 Description='Win 500 Ranked games with Jaina Proudmoore.' Trigger=WIN]
D 23:55:42.0039425 Processing achievement: [Achievement: ID=101 AchieveGroup=UNLOCK_GOLDEN_HERO Name='Golden Uther Lightbringer' MaxProgress=500 Progress=0 AckProgress=-1 IsActive=True DateGiven=0 DateCompleted=0 Description='Win 500 Ranked games with Uther Lightbringer.' Trigger=WIN]
D 23:55:42.0119436 Processing achievement: [Achievement: ID=102 AchieveGroup=UNLOCK_GOLDEN_HERO Name='Golden Anduin Wrynn' MaxProgress=500 Progress=0 AckProgress=-1 IsActive=True DateGiven=0 DateCompleted=0 Description='Win 500 Ranked games with Anduin Wrynn.' Trigger=WIN]
D 23:55:42.0199438 Processing achievement: [Achievement: ID=103 AchieveGroup=UNLOCK_GOLDEN_HERO Name='Golden Valeera Sanguinar' MaxProgress=500 Progress=0 AckProgress=-1 IsActive=True DateGiven=0 DateCompleted=0 Description='Win 500 Ranked games with Valeera Sanguinar.' Trigger=WIN]
D 23:55:42.0279445 Processing achievement: [Achievement: ID=105 AchieveGroup=UNLOCK_GOLDEN_HERO Name='Golden Gul'dan' MaxProgress=500 Progress=0 AckProgress=-1 IsActive=True DateGiven=0 DateCompleted=0 Description='Win 500 Ranked games with Gul'dan.' Trigger=WIN]
D 23:55:42.0359446 Processing achievement: [Achievement: ID=107 AchieveGroup=QUEST_INTERNAL_ACTIVE Name='' MaxProgress=1 Progress=0 AckProgress=0 IsActive=True DateGiven=0 DateCompleted=0 Description='' Trigger=IGNORE]
D 23:55:42.0429455 Processing achievement: [Achievement: ID=108 AchieveGroup=QUEST_INTERNAL_ACTIVE Name='' MaxProgress=1 Progress=0 AckProgress=0 IsActive=True DateGiven=0 DateCompleted=0 Description='' Trigger=IGNORE]
D 23:55:42.0499582 Processing achievement: [Achievement: ID=112 AchieveGroup=QUEST_HIDDEN Name='You are Legend' MaxProgress=1 Progress=0 AckProgress=-1 IsActive=True DateGiven=0 DateCompleted=0 Description='Welcome to the Hearthstone Elite! Show it off with your Legendary Card Back!' Trigger=IGNORE]
D 23:55:42.0579456 Processing achievement: [Achievement: ID=113 AchieveGroup=QUEST_HIDDEN Name='Fireside Friends' MaxProgress=3 Progress=0 AckProgress=-1 IsActive=True DateGiven=0 DateCompleted=0 Description='Hearthstone is better with friends! Enjoy the company and your new card back!' Trigger=EVENT]
D 23:55:42.0669466 Processing achievement: [Achievement: ID=115 AchieveGroup=QUEST_DAILY_REPEATABLE Name='' MaxProgress=1 Progress=0 AckProgress=0 IsActive=True DateGiven=0 DateCompleted=0 Description='' Trigger=IGNORE]
D 23:55:42.0739470 Processing achievement: [Achievement: ID=116 AchieveGroup=QUEST_HIDDEN Name='iPack' MaxProgress=1 Progress=0 AckProgress=-1 IsActive=True DateGiven=0 DateCompleted=0 Description='Awarded for playing a game on iPad.' Trigger=IGNORE]
D 23:55:42.0809078 Processing achievement: [Achievement: ID=117 AchieveGroup=QUEST_INTERNAL_ACTIVE Name='' MaxProgress=1 Progress=0 AckProgress=0 IsActive=True DateGiven=0 DateCompleted=0 Description='' Trigger=IGNORE]
D 23:55:42.0879483 Processing achievement: [Achievement: ID=118 AchieveGroup=QUEST_INTERNAL_ACTIVE Name='' MaxProgress=1 Progress=0 AckProgress=0 IsActive=True DateGiven=0 DateCompleted=0 Description='' Trigger=IGNORE]
D 23:55:42.0949482 Processing achievement: [Achievement: ID=119 AchieveGroup=QUEST_INTERNAL_ACTIVE Name='' MaxProgress=1 Progress=0 AckProgress=0 IsActive=True DateGiven=0 DateCompleted=0 Description='' Trigger=IGNORE]
D 23:55:42.1019486 Processing achievement: [Achievement: ID=120 AchieveGroup=QUEST_INTERNAL_ACTIVE Name='' MaxProgress=1 Progress=0 AckProgress=0 IsActive=True DateGiven=0 DateCompleted=0 Description='' Trigger=IGNORE]
D 23:55:42.1088971 Processing achievement: [Achievement: ID=121 AchieveGroup=QUEST_INTERNAL_ACTIVE Name='' MaxProgress=1 Progress=0 AckProgress=0 IsActive=True DateGiven=0 DateCompleted=0 Description='' Trigger=IGNORE]
D 23:55:42.1159494 Processing achievement: [Achievement: ID=127 AchieveGroup=QUEST_HIDDEN Name='Anub'Rekhan Defeated' MaxProgress=1 Progress=0 AckProgress=-1 IsActive=True DateGiven=0 DateCompleted=0 Description='Haunted Creeper unlocked!' Trigger=WIN]
D 23:55:42.1228965 Processing achievement: [Achievement: ID=128 AchieveGroup=QUEST_HIDDEN Name='Grand Widow Faerlina Defeated' MaxProgress=1 Progress=0 AckProgress=-1 IsActive=True DateGiven=0 DateCompleted=0 Description='Nerub'ar Weblord unlocked!' Trigger=WIN]
D 23:55:42.1309177 Processing achievement: [Achievement: ID=129 AchieveGroup=QUEST_HIDDEN Name='Maexxna Defeated' MaxProgress=1 Progress=0 AckProgress=-1 IsActive=True DateGiven=0 DateCompleted=0 Description='Nerubian Egg unlocked!' Trigger=WIN]
D 23:55:42.1379503 Processing achievement: [Achievement: ID=130 AchieveGroup=QUEST_HIDDEN Name='Noth the Plaguebringer Defeated' MaxProgress=1 Progress=0 AckProgress=-1 IsActive=True DateGiven=0 DateCompleted=0 Description='Stoneskin Gargoyle unlocked!' Trigger=WIN]
D 23:55:42.1459510 Processing achievement: [Achievement: ID=131 AchieveGroup=QUEST_HIDDEN Name='Heigan the Unclean Defeated' MaxProgress=1 Progress=0 AckProgress=-1 IsActive=True DateGiven=0 DateCompleted=0 Description='Unstable Ghoul unlocked!' Trigger=WIN]
D 23:55:42.1539517 Processing achievement: [Achievement: ID=132 AchieveGroup=QUEST_HIDDEN Name='Loatheb Defeated' MaxProgress=1 Progress=0 AckProgress=-1 IsActive=True DateGiven=0 DateCompleted=0 Description='Sludge Belcher unlocked!' Trigger=WIN]
D 23:55:42.1609007 Processing achievement: [Achievement: ID=133 AchieveGroup=QUEST_HIDDEN Name='Instructor Razuvious Defeated' MaxProgress=1 Progress=0 AckProgress=-1 IsActive=True DateGiven=0 DateCompleted=0 Description='Dancing Swords unlocked!' Trigger=WIN]
D 23:55:42.1689528 Processing achievement: [Achievement: ID=134 AchieveGroup=QUEST_HIDDEN Name='Gothik the Harvester Defeated' MaxProgress=1 Progress=0 AckProgress=-1 IsActive=True DateGiven=0 DateCompleted=0 Description='Spectral Knight unlocked!' Trigger=WIN]
D 23:55:42.1769524 Processing achievement: [Achievement: ID=135 AchieveGroup=QUEST_HIDDEN Name='The Four Horsemen Defeated' MaxProgress=1 Progress=0 AckProgress=-1 IsActive=True DateGiven=0 DateCompleted=0 Description='Deathlord unlocked!' Trigger=WIN]
D 23:55:42.1839528 Processing achievement: [Achievement: ID=136 AchieveGroup=QUEST_HIDDEN Name='Patchwerk Defeated' MaxProgress=1 Progress=0 AckProgress=-1 IsActive=True DateGiven=0 DateCompleted=0 Description='Undertaker unlocked!' Trigger=WIN]
D 23:55:42.1919535 Processing achievement: [Achievement: ID=137 AchieveGroup=QUEST_HIDDEN Name='Grobbulus Defeated' MaxProgress=1 Progress=0 AckProgress=-1 IsActive=True DateGiven=0 DateCompleted=0 Description='Mad Scientist unlocked!' Trigger=WIN]
D 23:55:42.1989544 Processing achievement: [Achievement: ID=138 AchieveGroup=QUEST_HIDDEN Name='Gluth Defeated' MaxProgress=1 Progress=0 AckProgress=-1 IsActive=True DateGiven=0 DateCompleted=0 Description='Zombie Chow unlocked!' Trigger=WIN]
D 23:55:42.2069546 Processing achievement: [Achievement: ID=139 AchieveGroup=QUEST_HIDDEN Name='Thaddius Defeated' MaxProgress=1 Progress=0 AckProgress=-1 IsActive=True DateGiven=0 DateCompleted=0 Description='Wailing Soul unlocked!' Trigger=WIN]
D 23:55:42.2139032 Processing achievement: [Achievement: ID=140 AchieveGroup=QUEST_HIDDEN Name='Sapphiron Defeated' MaxProgress=1 Progress=0 AckProgress=-1 IsActive=True DateGiven=0 DateCompleted=0 Description='Echoing Ooze unlocked!' Trigger=WIN]
D 23:55:42.2209554 Processing achievement: [Achievement: ID=141 AchieveGroup=QUEST_HIDDEN Name='Kel'Thuzad Defeated' MaxProgress=1 Progress=0 AckProgress=-1 IsActive=True DateGiven=0 DateCompleted=0 Description='Shade of Naxxramas unlocked!' Trigger=WIN]
D 23:55:42.2289556 Processing achievement: [Achievement: ID=142 AchieveGroup=QUEST_HIDDEN Name='Druid Challenge Completed' MaxProgress=1 Progress=0 AckProgress=-1 IsActive=True DateGiven=0 DateCompleted=0 Description='Poison Seeds unlocked!' Trigger=WIN]
D 23:55:42.2359564 Processing achievement: [Achievement: ID=143 AchieveGroup=QUEST_HIDDEN Name='Warrior Challenge Completed' MaxProgress=1 Progress=0 AckProgress=-1 IsActive=True DateGiven=0 DateCompleted=0 Description='Death's Bite unlocked!' Trigger=WIN]
D 23:55:42.2439566 Processing achievement: [Achievement: ID=144 AchieveGroup=QUEST_HIDDEN Name='Priest Challenge Completed' MaxProgress=1 Progress=0 AckProgress=-1 IsActive=True DateGiven=0 DateCompleted=0 Description='Dark Cultist unlocked!' Trigger=WIN]
D 23:55:42.2509575 Processing achievement: [Achievement: ID=145 AchieveGroup=QUEST_HIDDEN Name='Rogue Challenge Completed' MaxProgress=1 Progress=0 AckProgress=-1 IsActive=True DateGiven=0 DateCompleted=0 Description='Anub'ar Ambusher unlocked!' Trigger=WIN]
D 23:55:42.2589572 Processing achievement: [Achievement: ID=146 AchieveGroup=QUEST_HIDDEN Name='Hunter Challenge Completed' MaxProgress=1 Progress=0 AckProgress=-1 IsActive=True DateGiven=0 DateCompleted=0 Description='Webspinner unlocked!' Trigger=WIN]
D 23:55:42.2669579 Processing achievement: [Achievement: ID=147 AchieveGroup=QUEST_HIDDEN Name='Shaman Challenge Completed' MaxProgress=1 Progress=0 AckProgress=-1 IsActive=True DateGiven=0 DateCompleted=0 Description='Reincarnate unlocked!' Trigger=WIN]
D 23:55:42.2739671 Processing achievement: [Achievement: ID=148 AchieveGroup=QUEST_HIDDEN Name='Mage Challenge Completed' MaxProgress=1 Progress=0 AckProgress=-1 IsActive=True DateGiven=0 DateCompleted=0 Description='Duplicate unlocked!' Trigger=WIN]
D 23:55:42.2819589 Processing achievement: [Achievement: ID=149 AchieveGroup=QUEST_HIDDEN Name='Warlock Challenge Completed' MaxProgress=1 Progress=0 AckProgress=-1 IsActive=True DateGiven=0 DateCompleted=0 Description='Voidcaller unlocked!' Trigger=WIN]
D 23:55:42.2889593 Processing achievement: [Achievement: ID=150 AchieveGroup=QUEST_HIDDEN Name='Paladin Challenge Completed' MaxProgress=1 Progress=0 AckProgress=-1 IsActive=True DateGiven=0 DateCompleted=0 Description='Avenge unlocked!' Trigger=WIN]
D 23:55:42.2969062 Processing achievement: [Achievement: ID=151 AchieveGroup=QUEST_INTERNAL_ACTIVE Name='' MaxProgress=1 Progress=0 AckProgress=0 IsActive=True DateGiven=0 DateCompleted=0 Description='' Trigger=WIN]
D 23:55:42.3039599 Processing achievement: [Achievement: ID=152 AchieveGroup=QUEST_INTERNAL_ACTIVE Name='' MaxProgress=1 Progress=0 AckProgress=0 IsActive=True DateGiven=0 DateCompleted=0 Description='' Trigger=WIN]
D 23:55:42.3099601 Processing achievement: [Achievement: ID=153 AchieveGroup=QUEST_INTERNAL_ACTIVE Name='' MaxProgress=1 Progress=0 AckProgress=0 IsActive=True DateGiven=0 DateCompleted=0 Description='' Trigger=WIN]
D 23:55:42.3169072 Processing achievement: [Achievement: ID=154 AchieveGroup=QUEST_INTERNAL_ACTIVE Name='' MaxProgress=1 Progress=0 AckProgress=0 IsActive=True DateGiven=0 DateCompleted=0 Description='' Trigger=WIN]
D 23:55:42.3239609 Processing achievement: [Achievement: ID=155 AchieveGroup=QUEST_INTERNAL_ACTIVE Name='' MaxProgress=1 Progress=0 AckProgress=0 IsActive=True DateGiven=0 DateCompleted=0 Description='' Trigger=WIN]
D 23:55:42.3309177 Processing achievement: [Achievement: ID=156 AchieveGroup=QUEST_INTERNAL_ACTIVE Name='' MaxProgress=1 Progress=0 AckProgress=0 IsActive=True DateGiven=0 DateCompleted=0 Description='' Trigger=WIN]
D 23:55:42.3379622 Processing achievement: [Achievement: ID=157 AchieveGroup=QUEST_INTERNAL_ACTIVE Name='' MaxProgress=1 Progress=0 AckProgress=0 IsActive=True DateGiven=0 DateCompleted=0 Description='' Trigger=WIN]
D 23:55:42.3439623 Processing achievement: [Achievement: ID=158 AchieveGroup=QUEST_INTERNAL_ACTIVE Name='' MaxProgress=1 Progress=0 AckProgress=0 IsActive=True DateGiven=0 DateCompleted=0 Description='' Trigger=WIN]
D 23:55:42.3509216 Processing achievement: [Achievement: ID=159 AchieveGroup=QUEST_INTERNAL_ACTIVE Name='' MaxProgress=1 Progress=0 AckProgress=0 IsActive=True DateGiven=0 DateCompleted=0 Description='' Trigger=WIN]
D 23:55:42.3579704 Processing achievement: [Achievement: ID=160 AchieveGroup=QUEST_INTERNAL_ACTIVE Name='' MaxProgress=1 Progress=0 AckProgress=0 IsActive=True DateGiven=0 DateCompleted=0 Description='' Trigger=WIN]
D 23:55:42.3649635 Processing achievement: [Achievement: ID=161 AchieveGroup=QUEST_INTERNAL_ACTIVE Name='' MaxProgress=1 Progress=0 AckProgress=0 IsActive=True DateGiven=0 DateCompleted=0 Description='' Trigger=WIN]
D 23:55:42.3719639 Processing achievement: [Achievement: ID=162 AchieveGroup=QUEST_INTERNAL_ACTIVE Name='' MaxProgress=1 Progress=0 AckProgress=0 IsActive=True DateGiven=0 DateCompleted=0 Description='' Trigger=WIN]
D 23:55:42.3779640 Processing achievement: [Achievement: ID=163 AchieveGroup=QUEST_INTERNAL_ACTIVE Name='' MaxProgress=1 Progress=0 AckProgress=0 IsActive=True DateGiven=0 DateCompleted=0 Description='' Trigger=WIN]
D 23:55:42.3849649 Processing achievement: [Achievement: ID=164 AchieveGroup=QUEST_INTERNAL_ACTIVE Name='' MaxProgress=1 Progress=0 AckProgress=0 IsActive=True DateGiven=0 DateCompleted=0 Description='' Trigger=WIN]
D 23:55:42.3919653 Processing achievement: [Achievement: ID=165 AchieveGroup=QUEST_INTERNAL_ACTIVE Name='' MaxProgress=1 Progress=0 AckProgress=0 IsActive=True DateGiven=0 DateCompleted=0 Description='' Trigger=WIN]
D 23:55:42.3989652 Processing achievement: [Achievement: ID=166 AchieveGroup=QUEST_INTERNAL_ACTIVE Name='' MaxProgress=1 Progress=0 AckProgress=0 IsActive=True DateGiven=0 DateCompleted=0 Description='' Trigger=WIN]
D 23:55:42.4049658 Processing achievement: [Achievement: ID=167 AchieveGroup=QUEST_INTERNAL_ACTIVE Name='' MaxProgress=1 Progress=0 AckProgress=0 IsActive=True DateGiven=0 DateCompleted=0 Description='' Trigger=WIN]
D 23:55:42.4119139 Processing achievement: [Achievement: ID=168 AchieveGroup=QUEST_INTERNAL_ACTIVE Name='' MaxProgress=1 Progress=0 AckProgress=0 IsActive=True DateGiven=0 DateCompleted=0 Description='' Trigger=WIN]
D 23:55:42.4189153 Processing achievement: [Achievement: ID=169 AchieveGroup=QUEST_INTERNAL_ACTIVE Name='' MaxProgress=1 Progress=0 AckProgress=0 IsActive=True DateGiven=0 DateCompleted=0 Description='' Trigger=WIN]
D 23:55:42.4259671 Processing achievement: [Achievement: ID=170 AchieveGroup=QUEST_INTERNAL_ACTIVE Name='' MaxProgress=1 Progress=0 AckProgress=0 IsActive=True DateGiven=0 DateCompleted=0 Description='' Trigger=WIN]
D 23:55:42.4319672 Processing achievement: [Achievement: ID=171 AchieveGroup=QUEST_INTERNAL_ACTIVE Name='' MaxProgress=1 Progress=0 AckProgress=0 IsActive=True DateGiven=0 DateCompleted=0 Description='' Trigger=WIN]
D 23:55:42.4389676 Processing achievement: [Achievement: ID=172 AchieveGroup=QUEST_INTERNAL_ACTIVE Name='' MaxProgress=1 Progress=0 AckProgress=0 IsActive=True DateGiven=0 DateCompleted=0 Description='' Trigger=WIN]
D 23:55:42.4459680 Processing achievement: [Achievement: ID=173 AchieveGroup=QUEST_INTERNAL_ACTIVE Name='' MaxProgress=1 Progress=0 AckProgress=0 IsActive=True DateGiven=0 DateCompleted=0 Description='' Trigger=WIN]
D 23:55:42.4529307 Processing achievement: [Achievement: ID=174 AchieveGroup=QUEST_INTERNAL_ACTIVE Name='' MaxProgress=1 Progress=0 AckProgress=0 IsActive=True DateGiven=0 DateCompleted=0 Description='' Trigger=WIN]
D 23:55:42.4589690 Processing achievement: [Achievement: ID=175 AchieveGroup=QUEST_INTERNAL_ACTIVE Name='' MaxProgress=1 Progress=0 AckProgress=0 IsActive=True DateGiven=0 DateCompleted=0 Description='' Trigger=WIN]
D 23:55:42.4659689 Processing achievement: [Achievement: ID=176 AchieveGroup=QUEST_INTERNAL_ACTIVE Name='' MaxProgress=1 Progress=0 AckProgress=0 IsActive=True DateGiven=0 DateCompleted=0 Description='' Trigger=WIN]
D 23:55:42.4729160 Processing achievement: [Achievement: ID=177 AchieveGroup=QUEST_INTERNAL_ACTIVE Name='' MaxProgress=1 Progress=0 AckProgress=0 IsActive=True DateGiven=0 DateCompleted=0 Description='' Trigger=WIN]
D 23:55:42.4799702 Processing achievement: [Achievement: ID=178 AchieveGroup=QUEST_INTERNAL_ACTIVE Name='' MaxProgress=1 Progress=0 AckProgress=0 IsActive=True DateGiven=0 DateCompleted=0 Description='' Trigger=WIN]
D 23:55:42.4869168 Processing achievement: [Achievement: ID=179 AchieveGroup=QUEST_INTERNAL_ACTIVE Name='' MaxProgress=1 Progress=0 AckProgress=0 IsActive=True DateGiven=0 DateCompleted=0 Description='' Trigger=WIN]
D 23:55:42.4929175 Processing achievement: [Achievement: ID=180 AchieveGroup=QUEST_INTERNAL_ACTIVE Name='' MaxProgress=1 Progress=0 AckProgress=0 IsActive=True DateGiven=0 DateCompleted=0 Description='' Trigger=WIN]
D 23:55:42.4999711 Processing achievement: [Achievement: ID=181 AchieveGroup=QUEST_INTERNAL_ACTIVE Name='' MaxProgress=1 Progress=0 AckProgress=0 IsActive=True DateGiven=0 DateCompleted=0 Description='' Trigger=WIN]
D 23:55:42.5069183 Processing achievement: [Achievement: ID=182 AchieveGroup=QUEST_INTERNAL_ACTIVE Name='' MaxProgress=1 Progress=0 AckProgress=0 IsActive=True DateGiven=0 DateCompleted=0 Description='' Trigger=WIN]
D 23:55:42.5139328 Processing achievement: [Achievement: ID=183 AchieveGroup=QUEST_INTERNAL_ACTIVE Name='' MaxProgress=1 Progress=0 AckProgress=0 IsActive=True DateGiven=0 DateCompleted=0 Description='' Trigger=WIN]
D 23:55:42.5209191 Processing achievement: [Achievement: ID=184 AchieveGroup=QUEST_INTERNAL_ACTIVE Name='' MaxProgress=1 Progress=0 AckProgress=0 IsActive=True DateGiven=0 DateCompleted=0 Description='' Trigger=WIN]
D 23:55:42.5269197 Processing achievement: [Achievement: ID=185 AchieveGroup=QUEST_INTERNAL_ACTIVE Name='' MaxProgress=1 Progress=0 AckProgress=0 IsActive=True DateGiven=0 DateCompleted=0 Description='' Trigger=WIN]
D 23:55:42.5339734 Processing achievement: [Achievement: ID=186 AchieveGroup=QUEST_INTERNAL_ACTIVE Name='' MaxProgress=1 Progress=0 AckProgress=0 IsActive=True DateGiven=0 DateCompleted=0 Description='' Trigger=WIN]
D 23:55:42.5409738 Processing achievement: [Achievement: ID=187 AchieveGroup=QUEST_INTERNAL_ACTIVE Name='' MaxProgress=1 Progress=0 AckProgress=0 IsActive=True DateGiven=0 DateCompleted=0 Description='' Trigger=WIN]
D 23:55:42.5479737 Processing achievement: [Achievement: ID=188 AchieveGroup=QUEST_INTERNAL_ACTIVE Name='' MaxProgress=1 Progress=0 AckProgress=0 IsActive=True DateGiven=0 DateCompleted=0 Description='' Trigger=WIN]
D 23:55:42.5539782 Processing achievement: [Achievement: ID=189 AchieveGroup=QUEST_INTERNAL_ACTIVE Name='' MaxProgress=1 Progress=0 AckProgress=0 IsActive=True DateGiven=0 DateCompleted=0 Description='' Trigger=WIN]
D 23:55:42.5609747 Processing achievement: [Achievement: ID=190 AchieveGroup=QUEST_HIDDEN Name='The Fall of Naxxramas' MaxProgress=15 Progress=0 AckProgress=-1 IsActive=True DateGiven=0 DateCompleted=0 Description='Heroic Naxxramas has fallen! Celebrate your victory with a new card back!' Trigger=IGNORE]
D 23:55:42.5699752 Processing achievement: [Achievement: ID=191 AchieveGroup=QUEST_INTERNAL_ACTIVE Name='' MaxProgress=1 Progress=0 AckProgress=0 IsActive=True DateGiven=0 DateCompleted=0 Description='' Trigger=IGNORE]
D 23:55:42.5759758 Processing achievement: [Achievement: ID=192 AchieveGroup=QUEST_INTERNAL_ACTIVE Name='' MaxProgress=1 Progress=0 AckProgress=0 IsActive=True DateGiven=0 DateCompleted=0 Description='' Trigger=IGNORE]
D 23:55:42.5829757 Processing achievement: [Achievement: ID=193 AchieveGroup=QUEST_INTERNAL_ACTIVE Name='' MaxProgress=1 Progress=0 AckProgress=0 IsActive=True DateGiven=0 DateCompleted=0 Description='' Trigger=IGNORE]
D 23:55:42.5909416 Processing achievement: [Achievement: ID=194 AchieveGroup=QUEST_INTERNAL_ACTIVE Name='' MaxProgress=1 Progress=0 AckProgress=0 IsActive=True DateGiven=0 DateCompleted=0 Description='' Trigger=IGNORE]
D 23:55:42.5979768 Processing achievement: [Achievement: ID=195 AchieveGroup=QUEST_INTERNAL_ACTIVE Name='' MaxProgress=1 Progress=0 AckProgress=0 IsActive=True DateGiven=0 DateCompleted=0 Description='' Trigger=IGNORE]
D 23:55:42.6059774 Processing achievement: [Achievement: ID=196 AchieveGroup=QUEST_INTERNAL_ACTIVE Name='' MaxProgress=1 Progress=0 AckProgress=0 IsActive=True DateGiven=0 DateCompleted=0 Description='' Trigger=IGNORE]
D 23:55:42.6119243 Processing achievement: [Achievement: ID=197 AchieveGroup=QUEST_HIDDEN Name='Arachnid Quarter Defeated' MaxProgress=1 Progress=0 AckProgress=-1 IsActive=True DateGiven=0 DateCompleted=0 Description='Maexxna unlocked!' Trigger=ADVENTURE_PROGRESS]
D 23:55:42.6199782 Processing achievement: [Achievement: ID=198 AchieveGroup=QUEST_HIDDEN Name='Plague Quarter Defeated' MaxProgress=1 Progress=0 AckProgress=-1 IsActive=True DateGiven=0 DateCompleted=0 Description='Loatheb unlocked!' Trigger=ADVENTURE_PROGRESS]
D 23:55:42.6279251 Processing achievement: [Achievement: ID=199 AchieveGroup=QUEST_HIDDEN Name='Military Quarter Defeated' MaxProgress=1 Progress=0 AckProgress=-1 IsActive=True DateGiven=0 DateCompleted=0 Description='Baron Rivendare unlocked!' Trigger=ADVENTURE_PROGRESS]
D 23:55:42.6359791 Processing achievement: [Achievement: ID=200 AchieveGroup=QUEST_HIDDEN Name='Construct Quarter Defeated' MaxProgress=1 Progress=0 AckProgress=-1 IsActive=True DateGiven=0 DateCompleted=0 Description='Feugen unlocked!' Trigger=ADVENTURE_PROGRESS]
D 23:55:42.6429795 Processing achievement: [Achievement: ID=201 AchieveGroup=QUEST_HIDDEN Name='Construct Quarter Defeated' MaxProgress=1 Progress=0 AckProgress=-1 IsActive=True DateGiven=0 DateCompleted=0 Description='Stalagg unlocked!' Trigger=ADVENTURE_PROGRESS]
D 23:55:42.6509264 Processing achievement: [Achievement: ID=202 AchieveGroup=QUEST_HIDDEN Name='Frostwyrm Lair Defeated' MaxProgress=1 Progress=0 AckProgress=-1 IsActive=True DateGiven=0 DateCompleted=0 Description='Kel'Thuzad unlocked!' Trigger=ADVENTURE_PROGRESS]
D 23:55:42.6589295 Processing achievement: [Achievement: ID=203 AchieveGroup=QUEST_INTERNAL_ACTIVE Name='' MaxProgress=1 Progress=0 AckProgress=0 IsActive=True DateGiven=0 DateCompleted=0 Description='' Trigger=IGNORE]
D 23:55:42.6659299 Processing achievement: [Achievement: ID=205 AchieveGroup=QUEST_HIDDEN Name='Congratulations!' MaxProgress=1 Progress=0 AckProgress=-1 IsActive=True DateGiven=0 DateCompleted=0 Description='Enjoy your new Blizzard 2014 card back!' Trigger=IGNORE]
D 23:55:42.6729811 Processing achievement: [Achievement: ID=206 AchieveGroup=QUEST_HIDDEN Name='Congratulations!' MaxProgress=1 Progress=0 AckProgress=-1 IsActive=True DateGiven=0 DateCompleted=0 Description='You have earned the Dalaran Flame card back!' Trigger=IGNORE]
D 23:55:42.6809285 Processing achievement: [Achievement: ID=207 AchieveGroup=QUEST_HIDDEN Name='Warlord of Draenor' MaxProgress=1 Progress=0 AckProgress=-1 IsActive=True DateGiven=0 DateCompleted=0 Description='Your recent purchase included this special card back!' Trigger=IGNORE]
D 23:55:42.6889825 Processing achievement: [Achievement: ID=208 AchieveGroup=QUEST_HIDDEN Name='Goblins vs Gnomes Arena Mischief!' MaxProgress=1 Progress=0 AckProgress=-1 IsActive=True DateGiven=0 DateCompleted=0 Description='Play during the Goblins vs Gnomes pre-launch event' Trigger=EVENT_TIMING_ONLY]
D 23:55:42.6979824 Processing achievement: [Achievement: ID=209 AchieveGroup=QUEST_HIDDEN Name='Goblins vs Gnomes has Arrived!' MaxProgress=1 Progress=0 AckProgress=-1 IsActive=True DateGiven=0 DateCompleted=0 Description='Play during the opening of the Goblins vs Gnomes expansion!' Trigger=EVENT_TIMING_ONLY]
D 23:55:42.7059831 Processing achievement: [Achievement: ID=210 AchieveGroup=QUEST_HIDDEN Name='Android Tablet' MaxProgress=1 Progress=0 AckProgress=-1 IsActive=True DateGiven=0 DateCompleted=0 Description='Awarded for playing a game on an Android tablet.' Trigger=IGNORE]
D 23:55:42.7139319 Processing achievement: [Achievement: ID=211 AchieveGroup=QUEST_HIDDEN Name='Blackrock Mountain Pre-order' MaxProgress=1 Progress=0 AckProgress=-1 IsActive=True DateGiven=0 DateCompleted=0 Description='Your pre-order reward for purchasing Blackrock Mountain. Its doors will be open during April.' Trigger=IGNORE]
D 23:55:42.7229329 Processing achievement: [Achievement: ID=212 AchieveGroup=QUEST_HIDDEN Name='iPhone' MaxProgress=1 Progress=0 AckProgress=-1 IsActive=True DateGiven=0 DateCompleted=0 Description='Awarded for playing a game on an iPhone.' Trigger=IGNORE]
D 23:55:42.7309355 Processing achievement: [Achievement: ID=213 AchieveGroup=QUEST_HIDDEN Name='Android Phone' MaxProgress=1 Progress=0 AckProgress=-1 IsActive=True DateGiven=0 DateCompleted=0 Description='Awarded for playing a game on an Android Phone.' Trigger=IGNORE]
D 23:55:42.7389332 Processing achievement: [Achievement: ID=215 AchieveGroup=QUEST_HIDDEN Name='Congratulations!' MaxProgress=1 Progress=0 AckProgress=-1 IsActive=True DateGiven=0 DateCompleted=0 Description='You have earned the Golden Celebration card back!' Trigger=IGNORE]
D 23:55:42.7469339 Processing achievement: [Achievement: ID=216 AchieveGroup=QUEST_INTERNAL_ACTIVE Name='' MaxProgress=1 Progress=0 AckProgress=0 IsActive=True DateGiven=0 DateCompleted=0 Description='' Trigger=WIN]
D 23:55:42.7529858 Processing achievement: [Achievement: ID=220 AchieveGroup=QUEST_HIDDEN Name='Hero of the Storm' MaxProgress=1 Progress=0 AckProgress=-1 IsActive=True DateGiven=0 DateCompleted=0 Description='Awarded for excellence in the Nexus!' Trigger=IGNORE]
D 23:55:42.7609611 Processing achievement: [Achievement: ID=221 AchieveGroup=QUEST_HIDDEN Name='Galaxy Gifts' MaxProgress=1 Progress=0 AckProgress=-1 IsActive=True DateGiven=0 DateCompleted=0 Description='Awarded through the Samsung Galaxy Gifts promotion!' Trigger=IGNORE]
D 23:55:42.7689867 Processing achievement: [Achievement: ID=232 AchieveGroup=QUEST_HIDDEN Name='Power Core' MaxProgress=1 Progress=0 AckProgress=-1 IsActive=True DateGiven=0 DateCompleted=0 Description='Acquired from attending approved eSports events.' Trigger=IGNORE]
D 00:10:36.3851617 Processing achievement: [Achievement: ID=14 AchieveGroup=QUEST_INTERNAL_ACTIVE Name='' MaxProgress=4 Progress=2 AckProgress=-1 IsActive=True DateGiven=130866164300000000 DateCompleted=130866164300000000 Description='' Trigger=IGNORE]
D 00:10:36.3926813 Processing achievement: [Achievement: ID=18 AchieveGroup=QUEST_INTERNAL_ACTIVE Name='' MaxProgress=4 Progress=3 AckProgress=-1 IsActive=True DateGiven=130418743480000000 DateCompleted=130418743480000000 Description='' Trigger=IGNORE]
D 00:10:36.3996773 Processing achievement: [Achievement: ID=20 AchieveGroup=QUEST_INTERNAL_ACTIVE Name='' MaxProgress=4 Progress=2 AckProgress=-1 IsActive=True DateGiven=130418757020000000 DateCompleted=130418757020000000 Description='' Trigger=IGNORE]
D 00:10:36.4066851 Processing achievement: [Achievement: ID=23 AchieveGroup=QUEST_INTERNAL_ACTIVE Name='' MaxProgress=9 Progress=2 AckProgress=-1 IsActive=True DateGiven=130866164300000000 DateCompleted=130866164300000000 Description='' Trigger=IGNORE]
D 00:10:36.4136801 Processing achievement: [Achievement: ID=24 AchieveGroup=QUEST_INTERNAL_ACTIVE Name='' MaxProgress=9 Progress=4 AckProgress=-1 IsActive=True DateGiven=130418729870000000 DateCompleted=130418729870000000 Description='' Trigger=IGNORE]
D 00:10:36.4206648 Processing achievement: [Achievement: ID=27 AchieveGroup=QUEST_INTERNAL_ACTIVE Name='' MaxProgress=9 Progress=3 AckProgress=-1 IsActive=True DateGiven=130418743480000000 DateCompleted=130418743480000000 Description='' Trigger=IGNORE]
D 00:10:36.4281673 Processing achievement: [Achievement: ID=28 AchieveGroup=QUEST_INTERNAL_ACTIVE Name='' MaxProgress=9 Progress=6 AckProgress=-1 IsActive=True DateGiven=130869951480000000 DateCompleted=130869951480000000 Description='' Trigger=IGNORE]
D 00:10:36.4352196 Processing achievement: [Achievement: ID=29 AchieveGroup=QUEST_INTERNAL_ACTIVE Name='' MaxProgress=9 Progress=2 AckProgress=-1 IsActive=True DateGiven=130418757030000000 DateCompleted=130418757030000000 Description='' Trigger=IGNORE]
D 00:10:36.4421774 Processing achievement: [Achievement: ID=32 AchieveGroup=QUEST_DAILY Name='Druid or Hunter Victory' MaxProgress=2 Progress=0 AckProgress=-1 IsActive=False DateGiven=0 DateCompleted=0 Description='Win 2 games with Druid or Hunter.' Trigger=WIN]
D 00:10:36.4496701 Processing achievement: [Achievement: ID=36 AchieveGroup=QUEST_DAILY Name='Paladin or Priest Victory' MaxProgress=2 Progress=0 AckProgress=-1 IsActive=False DateGiven=0 DateCompleted=0 Description='Win 2 games with Paladin or Priest.' Trigger=WIN]
D 00:10:36.4566803 Processing achievement: [Achievement: ID=54 AchieveGroup=QUEST_DAILY Name='Beat Down' MaxProgress=100 Progress=100 AckProgress=100 IsActive=False DateGiven=130865769220000000 DateCompleted=130867192130000000 Description='Deal 100 damage to enemy heroes.' Trigger=IGNORE]
D 00:10:36.4646800 Processing achievement: [Achievement: ID=57 AchieveGroup=QUEST_INTERNAL_ACTIVE Name='' MaxProgress=10 Progress=5 AckProgress=-1 IsActive=True DateGiven=130867192130000000 DateCompleted=130867192130000000 Description='' Trigger=IGNORE]
D 00:10:36.4716828 Processing achievement: [Achievement: ID=62 AchieveGroup=QUEST_HIDDEN Name='Chicken Dinner' MaxProgress=100 Progress=18 AckProgress=-1 IsActive=True DateGiven=130418729870000000 DateCompleted=130418729870000000 Description='Win 100 games in any mode.' Trigger=WIN]
D 00:10:36.4792254 Processing achievement: [Achievement: ID=63 AchieveGroup=QUEST_HIDDEN Name='Big Winner' MaxProgress=1000 Progress=18 AckProgress=-1 IsActive=True DateGiven=130418729870000000 DateCompleted=130418729870000000 Description='Win 1000 games in any mode.' Trigger=WIN]
D 00:10:36.4872261 Processing achievement: [Achievement: ID=93 AchieveGroup=QUEST_INTERNAL_ACTIVE Name='' MaxProgress=10 Progress=5 AckProgress=-1 IsActive=True DateGiven=130867192130000000 DateCompleted=130867192130000000 Description='' Trigger=IGNORE]
D 00:10:36.4941766 Processing achievement: [Achievement: ID=104 AchieveGroup=UNLOCK_GOLDEN_HERO Name='Golden Thrall' MaxProgress=500 Progress=1 AckProgress=-1 IsActive=True DateGiven=130882077590000000 DateCompleted=130882077590000000 Description='Win 500 Ranked games with Thrall.' Trigger=WIN]
D 00:10:36.5016772 Processing achievement: [Achievement: ID=106 AchieveGroup=UNLOCK_GOLDEN_HERO Name='Golden Garrosh Hellscream' MaxProgress=500 Progress=4 AckProgress=-1 IsActive=True DateGiven=130867196110000000 DateCompleted=130867196110000000 Description='Win 500 Ranked games with Garrosh Hellscream.' Trigger=WIN]
D 00:10:36.5102293 Processing achievement: [Achievement: ID=218 AchieveGroup=QUEST_HIDDEN Name='Easy Rider' MaxProgress=100 Progress=10 AckProgress=-1 IsActive=True DateGiven=130863532420000000 DateCompleted=130863532420000000 Description='A reward for your 100th win in Play Mode.
Log in to Heroes of the Storm to claim it!' Trigger=WIN]
D 00:10:36.5186895 Processing achievement: [Achievement: ID=13 AchieveGroup=QUEST_INTERNAL_ACTIVE Name='' MaxProgress=4 Progress=0 AckProgress=0 IsActive=True DateGiven=0 DateCompleted=0 Description='' Trigger=IGNORE]
D 00:10:36.5251981 Processing achievement: [Achievement: ID=16 AchieveGroup=QUEST_INTERNAL_ACTIVE Name='' MaxProgress=4 Progress=0 AckProgress=0 IsActive=True DateGiven=0 DateCompleted=0 Description='' Trigger=IGNORE]
D 00:10:36.5316964 Processing achievement: [Achievement: ID=17 AchieveGroup=QUEST_INTERNAL_ACTIVE Name='' MaxProgress=4 Progress=0 AckProgress=0 IsActive=True DateGiven=0 DateCompleted=0 Description='' Trigger=IGNORE]
D 00:10:36.5381815 Processing achievement: [Achievement: ID=22 AchieveGroup=QUEST_INTERNAL_ACTIVE Name='' MaxProgress=9 Progress=0 AckProgress=0 IsActive=True DateGiven=0 DateCompleted=0 Description='' Trigger=IGNORE]
D 00:10:36.5442369 Processing achievement: [Achievement: ID=25 AchieveGroup=QUEST_INTERNAL_ACTIVE Name='' MaxProgress=9 Progress=0 AckProgress=0 IsActive=True DateGiven=0 DateCompleted=0 Description='' Trigger=IGNORE]
D 00:10:36.5506805 Processing achievement: [Achievement: ID=26 AchieveGroup=QUEST_INTERNAL_ACTIVE Name='' MaxProgress=9 Progress=0 AckProgress=0 IsActive=True DateGiven=0 DateCompleted=0 Description='' Trigger=IGNORE]
D 00:10:36.5571998 Processing achievement: [Achievement: ID=58 AchieveGroup=QUEST_HIDDEN Name='Arrrrrr!!!' MaxProgress=1 Progress=0 AckProgress=-1 IsActive=True DateGiven=0 DateCompleted=0 Description='Acquire every Pirate.' Trigger=IGNORE]
D 00:10:36.5642359 Processing achievement: [Achievement: ID=59 AchieveGroup=QUEST_HIDDEN Name='Golden Arrrrrr!!!' MaxProgress=1 Progress=0 AckProgress=-1 IsActive=True DateGiven=0 DateCompleted=0 Description='Acquire every Golden Pirate.' Trigger=IGNORE]
D 00:10:36.5711854 Processing achievement: [Achievement: ID=60 AchieveGroup=QUEST_HIDDEN Name='Mrglglglgl!' MaxProgress=1 Progress=0 AckProgress=-1 IsActive=True DateGiven=0 DateCompleted=0 Description='Acquire every Murloc.' Trigger=GAIN_CARD]
D 00:10:36.5782044 Processing achievement: [Achievement: ID=61 AchieveGroup=QUEST_HIDDEN Name='Golden Mrglglglgl!' MaxProgress=1 Progress=0 AckProgress=-1 IsActive=True DateGiven=0 DateCompleted=0 Description='Acquire every Golden Murloc.' Trigger=GAIN_GOLDEN_CARD]
D 00:10:36.5851985 Processing achievement: [Achievement: ID=67 AchieveGroup=QUEST_INTERNAL_ACTIVE Name='' MaxProgress=1 Progress=0 AckProgress=0 IsActive=True DateGiven=0 DateCompleted=0 Description='' Trigger=GAIN_CARD]
D 00:10:36.5916880 Processing achievement: [Achievement: ID=68 AchieveGroup=QUEST_INTERNAL_ACTIVE Name='' MaxProgress=1 Progress=0 AckProgress=0 IsActive=True DateGiven=0 DateCompleted=0 Description='' Trigger=GAIN_GOLDEN_CARD]
D 00:10:36.5982019 Processing achievement: [Achievement: ID=73 AchieveGroup=QUEST_INTERNAL_ACTIVE Name='' MaxProgress=1 Progress=0 AckProgress=0 IsActive=True DateGiven=0 DateCompleted=0 Description='' Trigger=WIN]
D 00:10:36.6047017 Processing achievement: [Achievement: ID=74 AchieveGroup=QUEST_INTERNAL_ACTIVE Name='' MaxProgress=1 Progress=0 AckProgress=0 IsActive=True DateGiven=0 DateCompleted=0 Description='' Trigger=WIN]
D 00:10:36.6106882 Processing achievement: [Achievement: ID=76 AchieveGroup=QUEST_INTERNAL_ACTIVE Name='' MaxProgress=1 Progress=0 AckProgress=0 IsActive=True DateGiven=0 DateCompleted=0 Description='' Trigger=WIN]
D 00:10:36.6171928 Processing achievement: [Achievement: ID=78 AchieveGroup=QUEST_INTERNAL_ACTIVE Name='' MaxProgress=1 Progress=0 AckProgress=0 IsActive=True DateGiven=0 DateCompleted=0 Description='' Trigger=WIN]
D 00:10:36.6232037 Processing achievement: [Achievement: ID=80 AchieveGroup=QUEST_INTERNAL_ACTIVE Name='' MaxProgress=1 Progress=0 AckProgress=0 IsActive=True DateGiven=0 DateCompleted=0 Description='' Trigger=WIN]
D 00:10:36.6297059 Processing achievement: [Achievement: ID=81 AchieveGroup=QUEST_INTERNAL_ACTIVE Name='' MaxProgress=1 Progress=0 AckProgress=0 IsActive=True DateGiven=0 DateCompleted=0 Description='' Trigger=WIN]
D 00:10:36.6356938 Processing achievement: [Achievement: ID=82 AchieveGroup=QUEST_INTERNAL_ACTIVE Name='' MaxProgress=1 Progress=0 AckProgress=0 IsActive=True DateGiven=0 DateCompleted=0 Description='' Trigger=WIN]
D 00:10:36.6422386 Processing achievement: [Achievement: ID=83 AchieveGroup=QUEST_INTERNAL_ACTIVE Name='' MaxProgress=1 Progress=0 AckProgress=0 IsActive=True DateGiven=0 DateCompleted=0 Description='' Trigger=WIN]
D 00:10:36.6482466 Processing achievement: [Achievement: ID=84 AchieveGroup=QUEST_INTERNAL_ACTIVE Name='' MaxProgress=1 Progress=0 AckProgress=0 IsActive=True DateGiven=0 DateCompleted=0 Description='' Trigger=WIN]
D 00:10:36.6547473 Processing achievement: [Achievement: ID=85 AchieveGroup=QUEST_INTERNAL_ACTIVE Name='' MaxProgress=1 Progress=0 AckProgress=0 IsActive=True DateGiven=0 DateCompleted=0 Description='' Trigger=WIN]
D 00:10:36.6606966 Processing achievement: [Achievement: ID=86 AchieveGroup=QUEST_INTERNAL_ACTIVE Name='' MaxProgress=1 Progress=0 AckProgress=0 IsActive=True DateGiven=0 DateCompleted=0 Description='' Trigger=WIN]
D 00:10:36.6672487 Processing achievement: [Achievement: ID=87 AchieveGroup=QUEST_INTERNAL_ACTIVE Name='' MaxProgress=1 Progress=0 AckProgress=0 IsActive=True DateGiven=0 DateCompleted=0 Description='' Trigger=WIN]
D 00:10:36.6732092 Processing achievement: [Achievement: ID=88 AchieveGroup=QUEST_INTERNAL_ACTIVE Name='' MaxProgress=1 Progress=0 AckProgress=0 IsActive=True DateGiven=0 DateCompleted=0 Description='' Trigger=WIN]
D 00:10:36.6797506 Processing achievement: [Achievement: ID=89 AchieveGroup=QUEST_HIDDEN Name='Crushed Them All!' MaxProgress=9 Progress=0 AckProgress=-1 IsActive=True DateGiven=0 DateCompleted=0 Description='Defeat every Expert AI Hero.' Trigger=IGNORE]
D 00:10:36.6867001 Processing achievement: [Achievement: ID=90 AchieveGroup=QUEST_HIDDEN Name='Got the Basics!' MaxProgress=1 Progress=0 AckProgress=-1 IsActive=True DateGiven=0 DateCompleted=0 Description='Collect every card in the Basic Set.' Trigger=COMPLETE_CARD_SET]
D 00:10:36.6942153 Processing achievement: [Achievement: ID=91 AchieveGroup=QUEST_HIDDEN Name='One of Everything!' MaxProgress=1 Progress=0 AckProgress=-1 IsActive=True DateGiven=0 DateCompleted=0 Description='Collect every card in the Classic Set.' Trigger=COMPLETE_CARD_SET]
D 00:10:36.7017139 Processing achievement: [Achievement: ID=95 AchieveGroup=QUEST_HIDDEN Name='Beta Hero!' MaxProgress=1 Progress=0 AckProgress=-1 IsActive=True DateGiven=0 DateCompleted=0 Description='Thank you for helping to test our Store!' Trigger=PURCHASE]
D 00:10:36.7087187 Processing achievement: [Achievement: ID=96 AchieveGroup=QUEST_HIDDEN Name='Ready to Rock!' MaxProgress=1 Progress=0 AckProgress=-1 IsActive=True DateGiven=0 DateCompleted=0 Description='Thank you for attending BlizzCon 2013!' Trigger=IGNORE]
D 00:10:36.7157039 Processing achievement: [Achievement: ID=98 AchieveGroup=UNLOCK_GOLDEN_HERO Name='Golden Malfurion Stormrage' MaxProgress=500 Progress=0 AckProgress=-1 IsActive=True DateGiven=0 DateCompleted=0 Description='Win 500 Ranked games with Malfurion Stormrage.' Trigger=WIN]
D 00:10:36.7232133 Processing achievement: [Achievement: ID=99 AchieveGroup=UNLOCK_GOLDEN_HERO Name='Golden Rexxar' MaxProgress=500 Progress=0 AckProgress=-1 IsActive=True DateGiven=0 DateCompleted=0 Description='Win 500 Ranked games with Rexxar.' Trigger=WIN]
D 00:10:36.7307055 Processing achievement: [Achievement: ID=100 AchieveGroup=UNLOCK_GOLDEN_HERO Name='Golden Jaina Proudmoore' MaxProgress=500 Progress=0 AckProgress=-1 IsActive=True DateGiven=0 DateCompleted=0 Description='Win 500 Ranked games with Jaina Proudmoore.' Trigger=WIN]
D 00:10:36.7382579 Processing achievement: [Achievement: ID=101 AchieveGroup=UNLOCK_GOLDEN_HERO Name='Golden Uther Lightbringer' MaxProgress=500 Progress=0 AckProgress=-1 IsActive=True DateGiven=0 DateCompleted=0 Description='Win 500 Ranked games with Uther Lightbringer.' Trigger=WIN]
D 00:10:36.7457379 Processing achievement: [Achievement: ID=102 AchieveGroup=UNLOCK_GOLDEN_HERO Name='Golden Anduin Wrynn' MaxProgress=500 Progress=0 AckProgress=-1 IsActive=True DateGiven=0 DateCompleted=0 Description='Win 500 Ranked games with Anduin Wrynn.' Trigger=WIN]
D 00:10:36.7532599 Processing achievement: [Achievement: ID=103 AchieveGroup=UNLOCK_GOLDEN_HERO Name='Golden Valeera Sanguinar' MaxProgress=500 Progress=0 AckProgress=-1 IsActive=True DateGiven=0 DateCompleted=0 Description='Win 500 Ranked games with Valeera Sanguinar.' Trigger=WIN]
D 00:10:36.7607096 Processing achievement: [Achievement: ID=105 AchieveGroup=UNLOCK_GOLDEN_HERO Name='Golden Gul'dan' MaxProgress=500 Progress=0 AckProgress=-1 IsActive=True DateGiven=0 DateCompleted=0 Description='Win 500 Ranked games with Gul'dan.' Trigger=WIN]
D 00:10:36.7677623 Processing achievement: [Achievement: ID=107 AchieveGroup=QUEST_INTERNAL_ACTIVE Name='' MaxProgress=1 Progress=0 AckProgress=0 IsActive=True DateGiven=0 DateCompleted=0 Description='' Trigger=IGNORE]
D 00:10:36.7742112 Processing achievement: [Achievement: ID=108 AchieveGroup=QUEST_INTERNAL_ACTIVE Name='' MaxProgress=1 Progress=0 AckProgress=0 IsActive=True DateGiven=0 DateCompleted=0 Description='' Trigger=IGNORE]
D 00:10:36.7807120 Processing achievement: [Achievement: ID=112 AchieveGroup=QUEST_HIDDEN Name='You are Legend' MaxProgress=1 Progress=0 AckProgress=-1 IsActive=True DateGiven=0 DateCompleted=0 Description='Welcome to the Hearthstone Elite! Show it off with your Legendary Card Back!' Trigger=IGNORE]
D 00:10:36.7887229 Processing achievement: [Achievement: ID=113 AchieveGroup=QUEST_HIDDEN Name='Fireside Friends' MaxProgress=3 Progress=0 AckProgress=-1 IsActive=True DateGiven=0 DateCompleted=0 Description='Hearthstone is better with friends! Enjoy the company and your new card back!' Trigger=EVENT]
D 00:10:36.7962142 Processing achievement: [Achievement: ID=115 AchieveGroup=QUEST_DAILY_REPEATABLE Name='' MaxProgress=1 Progress=0 AckProgress=0 IsActive=True DateGiven=0 DateCompleted=0 Description='' Trigger=IGNORE]
D 00:10:36.8027663 Processing achievement: [Achievement: ID=116 AchieveGroup=QUEST_HIDDEN Name='iPack' MaxProgress=1 Progress=0 AckProgress=-1 IsActive=True DateGiven=0 DateCompleted=0 Description='Awarded for playing a game on iPad.' Trigger=IGNORE]
D 00:10:36.8097403 Processing achievement: [Achievement: ID=117 AchieveGroup=QUEST_INTERNAL_ACTIVE Name='' MaxProgress=1 Progress=0 AckProgress=0 IsActive=True DateGiven=0 DateCompleted=0 Description='' Trigger=IGNORE]
D 00:10:36.8162679 Processing achievement: [Achievement: ID=118 AchieveGroup=QUEST_INTERNAL_ACTIVE Name='' MaxProgress=1 Progress=0 AckProgress=0 IsActive=True DateGiven=0 DateCompleted=0 Description='' Trigger=IGNORE]
D 00:10:36.8227315 Processing achievement: [Achievement: ID=119 AchieveGroup=QUEST_INTERNAL_ACTIVE Name='' MaxProgress=1 Progress=0 AckProgress=0 IsActive=True DateGiven=0 DateCompleted=0 Description='' Trigger=IGNORE]
D 00:10:36.8292166 Processing achievement: [Achievement: ID=120 AchieveGroup=QUEST_INTERNAL_ACTIVE Name='' MaxProgress=1 Progress=0 AckProgress=0 IsActive=True DateGiven=0 DateCompleted=0 Description='' Trigger=IGNORE]
D 00:10:36.8352705 Processing achievement: [Achievement: ID=121 AchieveGroup=QUEST_INTERNAL_ACTIVE Name='' MaxProgress=1 Progress=0 AckProgress=0 IsActive=True DateGiven=0 DateCompleted=0 Description='' Trigger=IGNORE]
D 00:10:36.8417336 Processing achievement: [Achievement: ID=127 AchieveGroup=QUEST_HIDDEN Name='Anub'Rekhan Defeated' MaxProgress=1 Progress=0 AckProgress=-1 IsActive=True DateGiven=0 DateCompleted=0 Description='Haunted Creeper unlocked!' Trigger=WIN]
D 00:10:36.8487209 Processing achievement: [Achievement: ID=128 AchieveGroup=QUEST_HIDDEN Name='Grand Widow Faerlina Defeated' MaxProgress=1 Progress=0 AckProgress=-1 IsActive=True DateGiven=0 DateCompleted=0 Description='Nerub'ar Weblord unlocked!' Trigger=WIN]
D 00:10:36.8557217 Processing achievement: [Achievement: ID=129 AchieveGroup=QUEST_HIDDEN Name='Maexxna Defeated' MaxProgress=1 Progress=0 AckProgress=-1 IsActive=True DateGiven=0 DateCompleted=0 Description='Nerubian Egg unlocked!' Trigger=WIN]
D 00:10:36.8627388 Processing achievement: [Achievement: ID=130 AchieveGroup=QUEST_HIDDEN Name='Noth the Plaguebringer Defeated' MaxProgress=1 Progress=0 AckProgress=-1 IsActive=True DateGiven=0 DateCompleted=0 Description='Stoneskin Gargoyle unlocked!' Trigger=WIN]
D 00:10:36.8702359 Processing achievement: [Achievement: ID=131 AchieveGroup=QUEST_HIDDEN Name='Heigan the Unclean Defeated' MaxProgress=1 Progress=0 AckProgress=-1 IsActive=True DateGiven=0 DateCompleted=0 Description='Unstable Ghoul unlocked!' Trigger=WIN]
D 00:10:36.8772241 Processing achievement: [Achievement: ID=132 AchieveGroup=QUEST_HIDDEN Name='Loatheb Defeated' MaxProgress=1 Progress=0 AckProgress=-1 IsActive=True DateGiven=0 DateCompleted=0 Description='Sludge Belcher unlocked!' Trigger=WIN]
D 00:10:36.8842763 Processing achievement: [Achievement: ID=133 AchieveGroup=QUEST_HIDDEN Name='Instructor Razuvious Defeated' MaxProgress=1 Progress=0 AckProgress=-1 IsActive=True DateGiven=0 DateCompleted=0 Description='Dancing Swords unlocked!' Trigger=WIN]
D 00:10:36.8912337 Processing achievement: [Achievement: ID=134 AchieveGroup=QUEST_HIDDEN Name='Gothik the Harvester Defeated' MaxProgress=1 Progress=0 AckProgress=-1 IsActive=True DateGiven=0 DateCompleted=0 Description='Spectral Knight unlocked!' Trigger=WIN]
D 00:10:36.8987508 Processing achievement: [Achievement: ID=135 AchieveGroup=QUEST_HIDDEN Name='The Four Horsemen Defeated' MaxProgress=1 Progress=0 AckProgress=-1 IsActive=True DateGiven=0 DateCompleted=0 Description='Deathlord unlocked!' Trigger=WIN]
D 00:10:36.9057409 Processing achievement: [Achievement: ID=136 AchieveGroup=QUEST_HIDDEN Name='Patchwerk Defeated' MaxProgress=1 Progress=0 AckProgress=-1 IsActive=True DateGiven=0 DateCompleted=0 Description='Undertaker unlocked!' Trigger=WIN]
D 00:10:36.9127487 Processing achievement: [Achievement: ID=137 AchieveGroup=QUEST_HIDDEN Name='Grobbulus Defeated' MaxProgress=1 Progress=0 AckProgress=-1 IsActive=True DateGiven=0 DateCompleted=0 Description='Mad Scientist unlocked!' Trigger=WIN]
D 00:10:36.9197295 Processing achievement: [Achievement: ID=138 AchieveGroup=QUEST_HIDDEN Name='Gluth Defeated' MaxProgress=1 Progress=0 AckProgress=-1 IsActive=True DateGiven=0 DateCompleted=0 Description='Zombie Chow unlocked!' Trigger=WIN]
D 00:10:36.9262288 Processing achievement: [Achievement: ID=139 AchieveGroup=QUEST_HIDDEN Name='Thaddius Defeated' MaxProgress=1 Progress=0 AckProgress=-1 IsActive=True DateGiven=0 DateCompleted=0 Description='Wailing Soul unlocked!' Trigger=WIN]
D 00:10:36.9332312 Processing achievement: [Achievement: ID=140 AchieveGroup=QUEST_HIDDEN Name='Sapphiron Defeated' MaxProgress=1 Progress=0 AckProgress=-1 IsActive=True DateGiven=0 DateCompleted=0 Description='Echoing Ooze unlocked!' Trigger=WIN]
D 00:10:36.9402301 Processing achievement: [Achievement: ID=141 AchieveGroup=QUEST_HIDDEN Name='Kel'Thuzad Defeated' MaxProgress=1 Progress=0 AckProgress=-1 IsActive=True DateGiven=0 DateCompleted=0 Description='Shade of Naxxramas unlocked!' Trigger=WIN]
D 00:10:36.9472310 Processing achievement: [Achievement: ID=142 AchieveGroup=QUEST_HIDDEN Name='Druid Challenge Completed' MaxProgress=1 Progress=0 AckProgress=-1 IsActive=True DateGiven=0 DateCompleted=0 Description='Poison Seeds unlocked!' Trigger=WIN]
D 00:10:36.9547320 Processing achievement: [Achievement: ID=143 AchieveGroup=QUEST_HIDDEN Name='Warrior Challenge Completed' MaxProgress=1 Progress=0 AckProgress=-1 IsActive=True DateGiven=0 DateCompleted=0 Description='Death's Bite unlocked!' Trigger=WIN]
D 00:10:36.9617334 Processing achievement: [Achievement: ID=144 AchieveGroup=QUEST_HIDDEN Name='Priest Challenge Completed' MaxProgress=1 Progress=0 AckProgress=-1 IsActive=True DateGiven=0 DateCompleted=0 Description='Dark Cultist unlocked!' Trigger=WIN]
D 00:10:36.9687338 Processing achievement: [Achievement: ID=145 AchieveGroup=QUEST_HIDDEN Name='Rogue Challenge Completed' MaxProgress=1 Progress=0 AckProgress=-1 IsActive=True DateGiven=0 DateCompleted=0 Description='Anub'ar Ambusher unlocked!' Trigger=WIN]
D 00:10:36.9767350 Processing achievement: [Achievement: ID=146 AchieveGroup=QUEST_HIDDEN Name='Hunter Challenge Completed' MaxProgress=1 Progress=0 AckProgress=-1 IsActive=True DateGiven=0 DateCompleted=0 Description='Webspinner unlocked!' Trigger=WIN]
D 00:10:36.9842360 Processing achievement: [Achievement: ID=147 AchieveGroup=QUEST_HIDDEN Name='Shaman Challenge Completed' MaxProgress=1 Progress=0 AckProgress=-1 IsActive=True DateGiven=0 DateCompleted=0 Description='Reincarnate unlocked!' Trigger=WIN]
D 00:10:36.9922401 Processing achievement: [Achievement: ID=148 AchieveGroup=QUEST_HIDDEN Name='Mage Challenge Completed' MaxProgress=1 Progress=0 AckProgress=-1 IsActive=True DateGiven=0 DateCompleted=0 Description='Duplicate unlocked!' Trigger=WIN]
D 00:10:36.9997377 Processing achievement: [Achievement: ID=149 AchieveGroup=QUEST_HIDDEN Name='Warlock Challenge Completed' MaxProgress=1 Progress=0 AckProgress=-1 IsActive=True DateGiven=0 DateCompleted=0 Description='Voidcaller unlocked!' Trigger=WIN]
D 00:10:37.0077388 Processing achievement: [Achievement: ID=150 AchieveGroup=QUEST_HIDDEN Name='Paladin Challenge Completed' MaxProgress=1 Progress=0 AckProgress=-1 IsActive=True DateGiven=0 DateCompleted=0 Description='Avenge unlocked!' Trigger=WIN]
D 00:10:37.0152398 Processing achievement: [Achievement: ID=151 AchieveGroup=QUEST_INTERNAL_ACTIVE Name='' MaxProgress=1 Progress=0 AckProgress=0 IsActive=True DateGiven=0 DateCompleted=0 Description='' Trigger=WIN]
D 00:10:37.0222407 Processing achievement: [Achievement: ID=152 AchieveGroup=QUEST_INTERNAL_ACTIVE Name='' MaxProgress=1 Progress=0 AckProgress=0 IsActive=True DateGiven=0 DateCompleted=0 Description='' Trigger=WIN]
D 00:10:37.0292416 Processing achievement: [Achievement: ID=153 AchieveGroup=QUEST_INTERNAL_ACTIVE Name='' MaxProgress=1 Progress=0 AckProgress=0 IsActive=True DateGiven=0 DateCompleted=0 Description='' Trigger=WIN]
D 00:10:37.0362425 Processing achievement: [Achievement: ID=154 AchieveGroup=QUEST_INTERNAL_ACTIVE Name='' MaxProgress=1 Progress=0 AckProgress=0 IsActive=True DateGiven=0 DateCompleted=0 Description='' Trigger=WIN]
D 00:10:37.0437435 Processing achievement: [Achievement: ID=155 AchieveGroup=QUEST_INTERNAL_ACTIVE Name='' MaxProgress=1 Progress=0 AckProgress=0 IsActive=True DateGiven=0 DateCompleted=0 Description='' Trigger=WIN]
D 00:10:37.0507449 Processing achievement: [Achievement: ID=156 AchieveGroup=QUEST_INTERNAL_ACTIVE Name='' MaxProgress=1 Progress=0 AckProgress=0 IsActive=True DateGiven=0 DateCompleted=0 Description='' Trigger=WIN]
D 00:10:37.0572467 Processing achievement: [Achievement: ID=157 AchieveGroup=QUEST_INTERNAL_ACTIVE Name='' MaxProgress=1 Progress=0 AckProgress=0 IsActive=True DateGiven=0 DateCompleted=0 Description='' Trigger=WIN]
D 00:10:37.0642461 Processing achievement: [Achievement: ID=158 AchieveGroup=QUEST_INTERNAL_ACTIVE Name='' MaxProgress=1 Progress=0 AckProgress=0 IsActive=True DateGiven=0 DateCompleted=0 Description='' Trigger=WIN]
D 00:10:37.0712470 Processing achievement: [Achievement: ID=159 AchieveGroup=QUEST_INTERNAL_ACTIVE Name='' MaxProgress=1 Progress=0 AckProgress=0 IsActive=True DateGiven=0 DateCompleted=0 Description='' Trigger=WIN]
D 00:10:37.0782479 Processing achievement: [Achievement: ID=160 AchieveGroup=QUEST_INTERNAL_ACTIVE Name='' MaxProgress=1 Progress=0 AckProgress=0 IsActive=True DateGiven=0 DateCompleted=0 Description='' Trigger=WIN]
D 00:10:37.0852487 Processing achievement: [Achievement: ID=161 AchieveGroup=QUEST_INTERNAL_ACTIVE Name='' MaxProgress=1 Progress=0 AckProgress=0 IsActive=True DateGiven=0 DateCompleted=0 Description='' Trigger=WIN]
D 00:10:37.0922501 Processing achievement: [Achievement: ID=162 AchieveGroup=QUEST_INTERNAL_ACTIVE Name='' MaxProgress=1 Progress=0 AckProgress=0 IsActive=True DateGiven=0 DateCompleted=0 Description='' Trigger=WIN]
D 00:10:37.0987768 Processing achievement: [Achievement: ID=163 AchieveGroup=QUEST_INTERNAL_ACTIVE Name='' MaxProgress=1 Progress=0 AckProgress=0 IsActive=True DateGiven=0 DateCompleted=0 Description='' Trigger=WIN]
D 00:10:37.1057518 Processing achievement: [Achievement: ID=164 AchieveGroup=QUEST_INTERNAL_ACTIVE Name='' MaxProgress=1 Progress=0 AckProgress=0 IsActive=True DateGiven=0 DateCompleted=0 Description='' Trigger=WIN]
D 00:10:37.1122579 Processing achievement: [Achievement: ID=165 AchieveGroup=QUEST_INTERNAL_ACTIVE Name='' MaxProgress=1 Progress=0 AckProgress=0 IsActive=True DateGiven=0 DateCompleted=0 Description='' Trigger=WIN]
D 00:10:37.1182566 Processing achievement: [Achievement: ID=166 AchieveGroup=QUEST_INTERNAL_ACTIVE Name='' MaxProgress=1 Progress=0 AckProgress=0 IsActive=True DateGiven=0 DateCompleted=0 Description='' Trigger=WIN]
D 00:10:37.1247593 Processing achievement: [Achievement: ID=167 AchieveGroup=QUEST_INTERNAL_ACTIVE Name='' MaxProgress=1 Progress=0 AckProgress=0 IsActive=True DateGiven=0 DateCompleted=0 Description='' Trigger=WIN]
D 00:10:37.1312547 Processing achievement: [Achievement: ID=168 AchieveGroup=QUEST_INTERNAL_ACTIVE Name='' MaxProgress=1 Progress=0 AckProgress=0 IsActive=True DateGiven=0 DateCompleted=0 Description='' Trigger=WIN]
D 00:10:37.1372563 Processing achievement: [Achievement: ID=169 AchieveGroup=QUEST_INTERNAL_ACTIVE Name='' MaxProgress=1 Progress=0 AckProgress=0 IsActive=True DateGiven=0 DateCompleted=0 Description='' Trigger=WIN]
D 00:10:37.1437614 Processing achievement: [Achievement: ID=170 AchieveGroup=QUEST_INTERNAL_ACTIVE Name='' MaxProgress=1 Progress=0 AckProgress=0 IsActive=True DateGiven=0 DateCompleted=0 Description='' Trigger=WIN]
D 00:10:37.1502627 Processing achievement: [Achievement: ID=171 AchieveGroup=QUEST_INTERNAL_ACTIVE Name='' MaxProgress=1 Progress=0 AckProgress=0 IsActive=True DateGiven=0 DateCompleted=0 Description='' Trigger=WIN]
D 00:10:37.1562633 Processing achievement: [Achievement: ID=172 AchieveGroup=QUEST_INTERNAL_ACTIVE Name='' MaxProgress=1 Progress=0 AckProgress=0 IsActive=True DateGiven=0 DateCompleted=0 Description='' Trigger=WIN]
D 00:10:37.1627714 Processing achievement: [Achievement: ID=173 AchieveGroup=QUEST_INTERNAL_ACTIVE Name='' MaxProgress=1 Progress=0 AckProgress=0 IsActive=True DateGiven=0 DateCompleted=0 Description='' Trigger=WIN]
D 00:10:37.1687612 Processing achievement: [Achievement: ID=174 AchieveGroup=QUEST_INTERNAL_ACTIVE Name='' MaxProgress=1 Progress=0 AckProgress=0 IsActive=True DateGiven=0 DateCompleted=0 Description='' Trigger=WIN]
D 00:10:37.1752723 Processing achievement: [Achievement: ID=175 AchieveGroup=QUEST_INTERNAL_ACTIVE Name='' MaxProgress=1 Progress=0 AckProgress=0 IsActive=True DateGiven=0 DateCompleted=0 Description='' Trigger=WIN]
D 00:10:37.1812626 Processing achievement: [Achievement: ID=176 AchieveGroup=QUEST_INTERNAL_ACTIVE Name='' MaxProgress=1 Progress=0 AckProgress=0 IsActive=True DateGiven=0 DateCompleted=0 Description='' Trigger=WIN]
D 00:10:37.1878152 Processing achievement: [Achievement: ID=177 AchieveGroup=QUEST_INTERNAL_ACTIVE Name='' MaxProgress=1 Progress=0 AckProgress=0 IsActive=True DateGiven=0 DateCompleted=0 Description='' Trigger=WIN]
D 00:10:37.1943160 Processing achievement: [Achievement: ID=178 AchieveGroup=QUEST_INTERNAL_ACTIVE Name='' MaxProgress=1 Progress=0 AckProgress=0 IsActive=True DateGiven=0 DateCompleted=0 Description='' Trigger=WIN]
D 00:10:37.2002750 Processing achievement: [Achievement: ID=179 AchieveGroup=QUEST_INTERNAL_ACTIVE Name='' MaxProgress=1 Progress=0 AckProgress=0 IsActive=True DateGiven=0 DateCompleted=0 Description='' Trigger=WIN]
D 00:10:37.2068178 Processing achievement: [Achievement: ID=180 AchieveGroup=QUEST_INTERNAL_ACTIVE Name='' MaxProgress=1 Progress=0 AckProgress=0 IsActive=True DateGiven=0 DateCompleted=0 Description='' Trigger=WIN]
D 00:10:37.2132668 Processing achievement: [Achievement: ID=181 AchieveGroup=QUEST_INTERNAL_ACTIVE Name='' MaxProgress=1 Progress=0 AckProgress=0 IsActive=True DateGiven=0 DateCompleted=0 Description='' Trigger=WIN]
D 00:10:37.2193192 Processing achievement: [Achievement: ID=182 AchieveGroup=QUEST_INTERNAL_ACTIVE Name='' MaxProgress=1 Progress=0 AckProgress=0 IsActive=True DateGiven=0 DateCompleted=0 Description='' Trigger=WIN]
D 00:10:37.2257686 Processing achievement: [Achievement: ID=183 AchieveGroup=QUEST_INTERNAL_ACTIVE Name='' MaxProgress=1 Progress=0 AckProgress=0 IsActive=True DateGiven=0 DateCompleted=0 Description='' Trigger=WIN]
D 00:10:37.2317903 Processing achievement: [Achievement: ID=184 AchieveGroup=QUEST_INTERNAL_ACTIVE Name='' MaxProgress=1 Progress=0 AckProgress=0 IsActive=True DateGiven=0 DateCompleted=0 Description='' Trigger=WIN]
D 00:10:37.2382822 Processing achievement: [Achievement: ID=185 AchieveGroup=QUEST_INTERNAL_ACTIVE Name='' MaxProgress=1 Progress=0 AckProgress=0 IsActive=True DateGiven=0 DateCompleted=0 Description='' Trigger=WIN]
D 00:10:37.2443225 Processing achievement: [Achievement: ID=186 AchieveGroup=QUEST_INTERNAL_ACTIVE Name='' MaxProgress=1 Progress=0 AckProgress=0 IsActive=True DateGiven=0 DateCompleted=0 Description='' Trigger=WIN]
D 00:10:37.2507714 Processing achievement: [Achievement: ID=187 AchieveGroup=QUEST_INTERNAL_ACTIVE Name='' MaxProgress=1 Progress=0 AckProgress=0 IsActive=True DateGiven=0 DateCompleted=0 Description='' Trigger=WIN]
D 00:10:37.2568238 Processing achievement: [Achievement: ID=188 AchieveGroup=QUEST_INTERNAL_ACTIVE Name='' MaxProgress=1 Progress=0 AckProgress=0 IsActive=True DateGiven=0 DateCompleted=0 Description='' Trigger=WIN]
D 00:10:37.2632816 Processing achievement: [Achievement: ID=189 AchieveGroup=QUEST_INTERNAL_ACTIVE Name='' MaxProgress=1 Progress=0 AckProgress=0 IsActive=True DateGiven=0 DateCompleted=0 Description='' Trigger=WIN]
D 00:10:37.2698253 Processing achievement: [Achievement: ID=190 AchieveGroup=QUEST_HIDDEN Name='The Fall of Naxxramas' MaxProgress=15 Progress=0 AckProgress=-1 IsActive=True DateGiven=0 DateCompleted=0 Description='Heroic Naxxramas has fallen! Celebrate your victory with a new card back!' Trigger=IGNORE]
D 00:10:37.2778011 Processing achievement: [Achievement: ID=191 AchieveGroup=QUEST_INTERNAL_ACTIVE Name='' MaxProgress=1 Progress=0 AckProgress=0 IsActive=True DateGiven=0 DateCompleted=0 Description='' Trigger=IGNORE]
D 00:10:37.2838310 Processing achievement: [Achievement: ID=192 AchieveGroup=QUEST_INTERNAL_ACTIVE Name='' MaxProgress=1 Progress=0 AckProgress=0 IsActive=True DateGiven=0 DateCompleted=0 Description='' Trigger=IGNORE]
D 00:10:37.2903284 Processing achievement: [Achievement: ID=193 AchieveGroup=QUEST_INTERNAL_ACTIVE Name='' MaxProgress=1 Progress=0 AckProgress=0 IsActive=True DateGiven=0 DateCompleted=0 Description='' Trigger=IGNORE]
D 00:10:37.2968296 Processing achievement: [Achievement: ID=194 AchieveGroup=QUEST_INTERNAL_ACTIVE Name='' MaxProgress=1 Progress=0 AckProgress=0 IsActive=True DateGiven=0 DateCompleted=0 Description='' Trigger=IGNORE]
D 00:10:37.3028298 Processing achievement: [Achievement: ID=195 AchieveGroup=QUEST_INTERNAL_ACTIVE Name='' MaxProgress=1 Progress=0 AckProgress=0 IsActive=True DateGiven=0 DateCompleted=0 Description='' Trigger=IGNORE]
D 00:10:37.3092885 Processing achievement: [Achievement: ID=196 AchieveGroup=QUEST_INTERNAL_ACTIVE Name='' MaxProgress=1 Progress=0 AckProgress=0 IsActive=True DateGiven=0 DateCompleted=0 Description='' Trigger=IGNORE]
D 00:10:37.3157799 Processing achievement: [Achievement: ID=197 AchieveGroup=QUEST_HIDDEN Name='Arachnid Quarter Defeated' MaxProgress=1 Progress=0 AckProgress=-1 IsActive=True DateGiven=0 DateCompleted=0 Description='Maexxna unlocked!' Trigger=ADVENTURE_PROGRESS]
D 00:10:37.3227886 Processing achievement: [Achievement: ID=198 AchieveGroup=QUEST_HIDDEN Name='Plague Quarter Defeated' MaxProgress=1 Progress=0 AckProgress=-1 IsActive=True DateGiven=0 DateCompleted=0 Description='Loatheb unlocked!' Trigger=ADVENTURE_PROGRESS]
D 00:10:37.3302955 Processing achievement: [Achievement: ID=199 AchieveGroup=QUEST_HIDDEN Name='Military Quarter Defeated' MaxProgress=1 Progress=0 AckProgress=-1 IsActive=True DateGiven=0 DateCompleted=0 Description='Baron Rivendare unlocked!' Trigger=ADVENTURE_PROGRESS]
D 00:10:37.3372827 Processing achievement: [Achievement: ID=200 AchieveGroup=QUEST_HIDDEN Name='Construct Quarter Defeated' MaxProgress=1 Progress=0 AckProgress=-1 IsActive=True DateGiven=0 DateCompleted=0 Description='Feugen unlocked!' Trigger=ADVENTURE_PROGRESS]
D 00:10:37.3447838 Processing achievement: [Achievement: ID=201 AchieveGroup=QUEST_HIDDEN Name='Construct Quarter Defeated' MaxProgress=1 Progress=0 AckProgress=-1 IsActive=True DateGiven=0 DateCompleted=0 Description='Stalagg unlocked!' Trigger=ADVENTURE_PROGRESS]
D 00:10:37.3517983 Processing achievement: [Achievement: ID=202 AchieveGroup=QUEST_HIDDEN Name='Frostwyrm Lair Defeated' MaxProgress=1 Progress=0 AckProgress=-1 IsActive=True DateGiven=0 DateCompleted=0 Description='Kel'Thuzad unlocked!' Trigger=ADVENTURE_PROGRESS]
D 00:10:37.3593385 Processing achievement: [Achievement: ID=203 AchieveGroup=QUEST_INTERNAL_ACTIVE Name='' MaxProgress=1 Progress=0 AckProgress=0 IsActive=True DateGiven=0 DateCompleted=0 Description='' Trigger=IGNORE]
D 00:10:37.3657840 Processing achievement: [Achievement: ID=205 AchieveGroup=QUEST_HIDDEN Name='Congratulations!' MaxProgress=1 Progress=0 AckProgress=-1 IsActive=True DateGiven=0 DateCompleted=0 Description='Enjoy your new Blizzard 2014 card back!' Trigger=IGNORE]
D 00:10:37.3728391 Processing achievement: [Achievement: ID=206 AchieveGroup=QUEST_HIDDEN Name='Congratulations!' MaxProgress=1 Progress=0 AckProgress=-1 IsActive=True DateGiven=0 DateCompleted=0 Description='You have earned the Dalaran Flame card back!' Trigger=IGNORE]
D 00:10:37.3803011 Processing achievement: [Achievement: ID=207 AchieveGroup=QUEST_HIDDEN Name='Warlord of Draenor' MaxProgress=1 Progress=0 AckProgress=-1 IsActive=True DateGiven=0 DateCompleted=0 Description='Your recent purchase included this special card back!' Trigger=IGNORE]
D 00:10:37.3877889 Processing achievement: [Achievement: ID=208 AchieveGroup=QUEST_HIDDEN Name='Goblins vs Gnomes Arena Mischief!' MaxProgress=1 Progress=0 AckProgress=-1 IsActive=True DateGiven=0 DateCompleted=0 Description='Play during the Goblins vs Gnomes pre-launch event' Trigger=EVENT_TIMING_ONLY]
D 00:10:37.3957900 Processing achievement: [Achievement: ID=209 AchieveGroup=QUEST_HIDDEN Name='Goblins vs Gnomes has Arrived!' MaxProgress=1 Progress=0 AckProgress=-1 IsActive=True DateGiven=0 DateCompleted=0 Description='Play during the opening of the Goblins vs Gnomes expansion!' Trigger=EVENT_TIMING_ONLY]
D 00:10:37.4037912 Processing achievement: [Achievement: ID=210 AchieveGroup=QUEST_HIDDEN Name='Android Tablet' MaxProgress=1 Progress=0 AckProgress=-1 IsActive=True DateGiven=0 DateCompleted=0 Description='Awarded for playing a game on an Android tablet.' Trigger=IGNORE]
D 00:10:37.4112922 Processing achievement: [Achievement: ID=211 AchieveGroup=QUEST_HIDDEN Name='Blackrock Mountain Pre-order' MaxProgress=1 Progress=0 AckProgress=-1 IsActive=True DateGiven=0 DateCompleted=0 Description='Your pre-order reward for purchasing Blackrock Mountain. Its doors will be open during April.' Trigger=IGNORE]
D 00:10:37.4197930 Processing achievement: [Achievement: ID=212 AchieveGroup=QUEST_HIDDEN Name='iPhone' MaxProgress=1 Progress=0 AckProgress=-1 IsActive=True DateGiven=0 DateCompleted=0 Description='Awarded for playing a game on an iPhone.' Trigger=IGNORE]
D 00:10:37.4268076 Processing achievement: [Achievement: ID=213 AchieveGroup=QUEST_HIDDEN Name='Android Phone' MaxProgress=1 Progress=0 AckProgress=-1 IsActive=True DateGiven=0 DateCompleted=0 Description='Awarded for playing a game on an Android Phone.' Trigger=IGNORE]
D 00:10:37.4343179 Processing achievement: [Achievement: ID=215 AchieveGroup=QUEST_HIDDEN Name='Congratulations!' MaxProgress=1 Progress=0 AckProgress=-1 IsActive=True DateGiven=0 DateCompleted=0 Description='You have earned the Golden Celebration card back!' Trigger=IGNORE]
D 00:10:37.4417959 Processing achievement: [Achievement: ID=216 AchieveGroup=QUEST_INTERNAL_ACTIVE Name='' MaxProgress=1 Progress=0 AckProgress=0 IsActive=True DateGiven=0 DateCompleted=0 Description='' Trigger=WIN]
D 00:10:37.4478078 Processing achievement: [Achievement: ID=220 AchieveGroup=QUEST_HIDDEN Name='Hero of the Storm' MaxProgress=1 Progress=0 AckProgress=-1 IsActive=True DateGiven=0 DateCompleted=0 Description='Awarded for excellence in the Nexus!' Trigger=IGNORE]
D 00:10:37.4552956 Processing achievement: [Achievement: ID=221 AchieveGroup=QUEST_HIDDEN Name='Galaxy Gifts' MaxProgress=1 Progress=0 AckProgress=-1 IsActive=True DateGiven=0 DateCompleted=0 Description='Awarded through the Samsung Galaxy Gifts promotion!' Trigger=IGNORE]
D 00:10:37.4628123 Processing achievement: [Achievement: ID=232 AchieveGroup=QUEST_HIDDEN Name='Power Core' MaxProgress=1 Progress=0 AckProgress=-1 IsActive=True DateGiven=0 DateCompleted=0 Description='Acquired from attending approved eSports events.' Trigger=IGNORE]
