D 23:43:48.5149532 DropHeldCard - cancelled? True
D 23:43:53.5962977 HandleClickOnCard - Card zone: FRIENDLY HAND
D 23:43:54.6949964 ClearResponseMode
D 23:44:11.1874080 ClearResponseMode
D 23:44:46.7133509 HandleClickOnCard - Card zone: FRIENDLY PLAY (Hero Power)
D 23:44:46.7233887 ClearResponseMode
D 23:45:15.0668254 ClearResponseMode
D 23:46:03.1948880 HandleClickOnCard - Card zone: OPPOSING PLAY
D 23:46:03.2049230 ClearResponseMode
D 23:46:06.5826303 ClearResponseMode
D 23:46:39.5275030 DropHeldCard - cancelled? False
D 23:46:39.5375081 ClearResponseMode
D 23:46:41.8276013 HandleClickOnCard - Card zone: OPPOSING PLAY
D 23:46:41.8366008 ClearResponseMode
D 23:46:44.7825430 ClearResponseMode
D 23:47:17.7434918 DropHeldCard - cancelled? False
D 23:47:17.7525431 ClearResponseMode
D 23:47:20.3772607 HandleClickOnCard - Card zone: FRIENDLY PLAY
D 23:47:20.3863130 ClearResponseMode
D 23:47:24.6647714 ClearResponseMode
D 23:47:46.1266863 HandleClickOnCard - Card zone: FRIENDLY PLAY
D 23:47:46.1357376 ClearResponseMode
D 23:47:54.0420341 HandleClickOnCard - Card zone: OPPOSING PLAY
D 23:47:54.0520862 ClearResponseMode
D 23:47:56.8962998 HandleClickOnCard - Card zone: FRIENDLY PLAY (Hero Power)
D 23:47:56.9063015 ClearResponseMode
D 23:47:57.9296536 ClearResponseMode
D 23:48:32.0587664 DropHeldCard - cancelled? False
D 23:48:32.0683188 ClearResponseMode
D 23:48:34.8256153 HandleClickOnCard - Card zone: OPPOSING PLAY
D 23:48:34.8346168 ClearResponseMode
D 23:48:37.8810574 ClearResponseMode
D 23:49:04.8082033 HandleClickOnCard - Card zone: FRIENDLY PLAY (Hero Power)
D 23:49:04.8212038 ClearResponseMode
D 23:49:09.7245943 DropHeldCard - cancelled? False
D 23:49:09.7336460 ClearResponseMode
D 23:49:16.4128669 ClearResponseMode
D 23:49:52.7571370 HandleClickOnCard - Card zone: OPPOSING PLAY
D 23:49:52.7671499 ClearResponseMode
D 23:49:55.9243224 DropHeldCard - cancelled? False
D 23:49:55.9343212 ClearResponseMode
D 23:49:57.6002606 HandleClickOnCard - Card zone: FRIENDLY PLAY (Hero Power)
D 23:49:57.6092665 ClearResponseMode
D 23:50:01.9956339 ClearResponseMode
D 23:50:29.1906591 DropHeldCard - cancelled? False
D 23:50:29.2002125 ClearResponseMode
D 23:50:31.5574581 HandleClickOnCard - Card zone: FRIENDLY PLAY (Hero Power)
D 23:50:31.5674593 ClearResponseMode
D 23:50:36.9791471 ClearResponseMode
D 23:51:30.4389725 DropHeldCard - cancelled? False
D 23:51:31.9731358 HandleClickOnCard - Card zone: OPPOSING PLAY
D 23:51:31.9831360 ClearResponseMode
D 23:51:37.9938042 ClearResponseMode
D 23:51:47.0027096 DropHeldCard - cancelled? True
D 23:51:47.0117080 DropHeldCard - cancelled? True
D 23:51:47.0217117 DropHeldCard - cancelled? True
D 23:51:47.0387211 DropHeldCard - cancelled? True
D 23:51:47.0547146 DropHeldCard - cancelled? True
D 23:51:47.0717133 DropHeldCard - cancelled? True
D 23:51:47.0887144 DropHeldCard - cancelled? True
D 23:51:47.1047133 DropHeldCard - cancelled? True
D 23:51:47.1217144 DropHeldCard - cancelled? True
D 23:51:47.1387170 DropHeldCard - cancelled? True
D 23:51:47.1558653 DropHeldCard - cancelled? True
D 23:51:47.1728659 DropHeldCard - cancelled? True
D 23:51:47.1888672 DropHeldCard - cancelled? True
D 23:52:16.2880974 DropHeldCard - cancelled? False
D 23:52:16.2971491 ClearResponseMode
D 23:52:19.2213905 HandleClickOnCard - Card zone: FRIENDLY PLAY (Hero Power)
D 23:52:19.2303914 ClearResponseMode
D 23:52:23.6435568 ClearResponseMode
D 23:53:03.7376824 DropHeldCard - cancelled? False
D 23:53:03.7477344 ClearResponseMode
D 23:53:07.9876908 HandleClickOnCard - Card zone: FRIENDLY PLAY (Hero Power)
D 23:53:07.9967411 ClearResponseMode
D 23:53:13.3536479 HandleClickOnCard - Card zone: FRIENDLY PLAY
D 23:53:13.3626997 ClearResponseMode
D 23:53:17.8084305 ClearResponseMode
D 23:54:00.5694800 DropHeldCard - cancelled? False
D 23:54:00.5785318 ClearResponseMode
D 23:54:10.2367985 DropHeldCard - cancelled? False
D 23:54:12.9532068 HandleClickOnCard - Card zone: OPPOSING PLAY
D 23:54:12.9622590 ClearResponseMode
D 23:54:16.8210986 HandleClickOnCard - Card zone: FRIENDLY PLAY (Hero Power)
D 23:54:16.8300986 ClearResponseMode
D 23:54:18.7201946 HandleClickOnCard - Card zone: OPPOSING PLAY
D 23:54:21.1035092 HandleClickOnCard - Card zone: OPPOSING PLAY
D 23:54:21.1125091 ClearResponseMode
D 23:54:24.7744907 ClearResponseMode
D 23:54:44.0532056 HandleClickOnCard - Card zone: OPPOSING PLAY
D 23:54:53.5521019 DropHeldCard - cancelled? False
D 23:54:53.5621539 ClearResponseMode
D 23:54:54.1524184 HandleClickOnCard - Card zone: FRIENDLY PLAY (Hero Power)
D 23:54:55.1032209 HandleClickOnCard - Card zone: FRIENDLY PLAY (Hero Power)
D 23:54:55.1122731 ClearResponseMode
D 23:55:05.8874443 HandleClickOnCard - Card zone: FRIENDLY PLAY
D 23:55:05.8964961 ClearResponseMode
D 23:55:09.4353564 HandleClickOnCard - Card zone: OPPOSING PLAY
D 23:55:09.4454104 ClearResponseMode
D 23:55:11.9036892 HandleClickOnCard - Card zone: OPPOSING PLAY
D 23:55:11.9167435 ClearResponseMode
D 23:55:14.8415867 ClearResponseMode
D 23:55:40.9809775 DropHeldCard - cancelled? True
D 23:58:09.9638793 HandleClickOnCard - Card zone: FRIENDLY HAND
D 23:58:11.3339129 ClearResponseMode
D 23:58:27.9327551 DropHeldCard - cancelled? False
D 23:58:27.9418074 ClearResponseMode
D 23:58:36.3645588 HandleClickOnCard - Card zone: OPPOSING PLAY (Hero)
D 23:58:36.3745595 ClearResponseMode
D 23:58:38.5870646 ClearResponseMode
D 23:59:13.7472554 HandleClickOnCard - Card zone: FRIENDLY PLAY (Hero Power)
D 23:59:13.7572562 ClearResponseMode
D 23:59:15.7147514 HandleClickOnCard - Card zone: OPPOSING PLAY
D 23:59:15.7247516 ClearResponseMode
D 23:59:20.4183363 ClearResponseMode
D 23:59:59.7640702 DropHeldCard - cancelled? False
D 00:00:01.2126721 HandleClickOnCard - Card zone: OPPOSING PLAY
D 00:00:01.2226719 ClearResponseMode
D 00:00:08.4516019 ClearResponseMode
D 00:00:42.1298330 DropHeldCard - cancelled? False
D 00:00:42.1388867 ClearResponseMode
D 00:00:57.5125860 DropHeldCard - cancelled? False
D 00:00:57.5225862 ClearResponseMode
D 00:01:05.4497489 ClearResponseMode
D 00:01:31.6283286 DropHeldCard - cancelled? False
D 00:01:31.6373804 ClearResponseMode
D 00:01:33.9446712 HandleClickOnCard - Card zone: OPPOSING PLAY
D 00:01:33.9547252 ClearResponseMode
D 00:01:38.4798516 DropHeldCard - cancelled? False
D 00:01:38.4888500 ClearResponseMode
D 00:01:42.1778584 HandleClickOnCard - Card zone: OPPOSING PLAY (Hero)
D 00:01:42.1869107 ClearResponseMode
D 00:01:51.1622279 DropHeldCard - cancelled? False
D 00:01:51.1722281 ClearResponseMode
D 00:01:54.4626654 DropHeldCard - cancelled? False
D 00:01:55.6296795 DropHeldCard - cancelled? False
D 00:01:56.2445908 HandleClickOnCard - Card zone: FRIENDLY PLAY (Hero Power)
D 00:01:56.2535912 ClearResponseMode
D 00:01:57.7510356 ClearResponseMode
D 00:02:32.5944684 DropHeldCard - cancelled? False
D 00:02:32.6045229 ClearResponseMode
D 00:02:35.1826441 ClearResponseMode
D 00:03:30.0759090 DropHeldCard - cancelled? False
D 00:03:30.0849227 ClearResponseMode
D 00:03:39.5929572 HandleClickOnCard - Card zone: OPPOSING PLAY
D 00:03:39.6020090 ClearResponseMode
D 00:03:42.8092007 HandleClickOnCard - Card zone: FRIENDLY PLAY
D 00:03:42.8192522 ClearResponseMode
D 00:03:47.0977292 ClearResponseMode
D 00:04:26.6765805 DropHeldCard - cancelled? False
D 00:04:26.6875814 ClearResponseMode
D 00:04:31.4750030 DropHeldCard - cancelled? False
D 00:04:31.4850570 ClearResponseMode
D 00:04:33.6922190 HandleClickOnCard - Card zone: FRIENDLY PLAY (Hero Power)
D 00:04:33.7022330 ClearResponseMode
D 00:04:37.9253980 HandleClickOnCard - Card zone: OPPOSING PLAY
D 00:04:37.9344498 ClearResponseMode
D 00:04:40.9800949 ClearResponseMode
D 00:05:21.9075811 DropHeldCard - cancelled? False
D 00:05:21.9175818 ClearResponseMode
D 00:05:23.8413877 DropHeldCard - cancelled? False
D 00:05:23.8504400 ClearResponseMode
D 00:05:25.7360421 HandleClickOnCard - Card zone: FRIENDLY PLAY (Hero Power)
D 00:05:25.7450939 ClearResponseMode
D 00:05:28.1094851 HandleClickOnCard - Card zone: OPPOSING PLAY (Hero)
D 00:05:28.1185261 ClearResponseMode
D 00:05:30.0972699 ClearResponseMode
D 00:06:23.6901313 HandleClickOnCard - Card zone: OPPOSING PLAY
D 00:06:23.6991317 ClearResponseMode
D 00:06:27.8253682 DropHeldCard - cancelled? False
D 00:06:27.8343681 ClearResponseMode
D 00:06:31.4733534 HandleClickOnCard - Card zone: OPPOSING PLAY
D 00:06:31.4823528 ClearResponseMode
D 00:06:34.3558221 DropHeldCard - cancelled? False
D 00:06:34.3658746 ClearResponseMode
D 00:06:35.7895119 HandleClickOnCard - Card zone: FRIENDLY PLAY (Hero Power)
D 00:06:35.7985637 ClearResponseMode
D 00:06:38.4945663 ClearResponseMode
D 00:07:26.5886951 DropHeldCard - cancelled? False
D 00:07:26.5967491 ClearResponseMode
D 00:07:28.7558973 HandleClickOnCard - Card zone: FRIENDLY PLAY (Hero Power)
D 00:07:28.7638975 ClearResponseMode
D 00:07:32.9220061 HandleClickOnCard - Card zone: OPPOSING PLAY
D 00:07:32.9300600 ClearResponseMode
D 00:07:40.5539439 HandleClickOnCard - Card zone: OPPOSING PLAY (Hero)
D 00:07:40.5619984 ClearResponseMode
D 00:07:47.3429541 ClearResponseMode
D 00:08:23.3381555 DropHeldCard - cancelled? False
D 00:08:23.3462080 ClearResponseMode
D 00:08:26.5047211 HandleClickOnCard - Card zone: FRIENDLY PLAY (Hero Power)
D 00:08:26.5127217 ClearResponseMode
D 00:08:28.9215362 HandleClickOnCard - Card zone: OPPOSING PLAY
D 00:08:28.9295359 ClearResponseMode
D 00:08:32.7540296 HandleClickOnCard - Card zone: OPPOSING PLAY
D 00:08:33.3708936 HandleClickOnCard - Card zone: OPPOSING PLAY
D 00:08:33.3788933 ClearResponseMode
D 00:08:36.2381002 HandleClickOnCard - Card zone: OPPOSING PLAY (Hero)
D 00:08:36.2461541 ClearResponseMode
D 00:08:38.3747541 ClearResponseMode
D 00:08:55.4376067 DropHeldCard - cancelled? False
D 00:08:56.6702116 HandleClickOnCard - Card zone: OPPOSING PLAY
D 00:08:56.6782636 ClearResponseMode
D 00:09:01.0227953 HandleClickOnCard - Card zone: FRIENDLY PLAY (Hero Power)
D 00:09:01.0317973 ClearResponseMode
D 00:09:03.9533590 HandleClickOnCard - Card zone: OPPOSING PLAY (Hero)
D 00:09:03.9623595 ClearResponseMode
D 00:09:14.3036524 HandleClickOnCard - Card zone: OPPOSING PLAY (Hero)
D 00:09:14.3106308 ClearResponseMode
D 00:09:16.2578022 ClearResponseMode
D 00:09:31.9866675 HandleClickOnCard - Card zone: FRIENDLY PLAY (Hero Power)
D 00:09:31.9936948 ClearResponseMode
D 00:09:38.5692311 HandleClickOnCard - Card zone: OPPOSING PLAY
D 00:09:38.5772846 ClearResponseMode
D 00:09:40.7198194 HandleClickOnCard - Card zone: OPPOSING PLAY (Hero)
D 00:09:40.7268716 ClearResponseMode
D 00:09:42.9027995 HandleClickOnCard - Card zone: OPPOSING PLAY (Hero)
D 00:09:42.9108002 ClearResponseMode
D 00:09:44.5904349 ClearResponseMode
D 00:10:10.2186845 DropHeldCard - cancelled? False
D 00:10:10.2267360 ClearResponseMode
D 00:10:13.5691167 DropHeldCard - cancelled? False
D 00:10:13.5781172 ClearResponseMode
D 00:10:16.6194518 HandleClickOnCard - Card zone: FRIENDLY PLAY (Hero Power)
D 00:10:16.6274848 ClearResponseMode
D 00:10:18.8351352 HandleClickOnCard - Card zone: OPPOSING PLAY (Hero)
D 00:10:18.8441356 ClearResponseMode
D 00:10:20.7234248 ClearResponseMode
D 00:10:35.6370668 DropHeldCard - cancelled? True
